#
# A fatal error has been detected by the Java Runtime Environment:
#
#  EXCEPTION_ACCESS_VIOLATION (0xc0000005) at pc=0x0000000066bcbd0d, pid=21640, tid=37420
#
# JRE version: Java(TM) SE Runtime Environment (8.0_25-b18) (build 1.8.0_25-b18)
# Java VM: Java HotSpot(TM) 64-Bit Server VM (25.25-b02 mixed mode windows-amd64 compressed oops)
# Problematic frame:
# C  [gdx-box2d64.dll+0xbd0d]
#
# Failed to write core dump. Minidumps are not enabled by default on client versions of Windows
#
# If you would like to submit a bug report, please visit:
#   http://bugreport.sun.com/bugreport/crash.jsp
# The crash happened outside the Java Virtual Machine in native code.
# See problematic frame for where to report the bug.
#

---------------  T H R E A D  ---------------

Current thread (0x000000001a4a9800):  JavaThread "LWJGL Application" [_thread_in_native, id=37420, stack(0x000000001b0d0000,0x000000001b1d0000)]

siginfo: ExceptionCode=0xc0000005, reading address 0x000000021adba340

Registers:
RAX=0x000000021adba340, RBX=0x000000001ad52940, RCX=0x000000001ad52910, RDX=0x00000000000000b8
RSP=0x000000001b1ce870, RBP=0x0000000000000006, RSI=0x000000001ad52910, RDI=0x000000001b1ce930
R8 =0x000000001ad52910, R9 =0x0000000000000002, R10=0x0000000000000000, R11=0x0000000000000001
R12=0x0000000000000000, R13=0x0000000016ffbb70, R14=0x000000001b1ceb20, R15=0x000000001a4a9800
RIP=0x0000000066bcbd0d, EFLAGS=0x0000000000010202

Top of Stack: (sp=0x000000001b1ce870)
0x000000001b1ce870:   0000000016ffbb70 000000001a4a9800
0x000000001b1ce880:   000000005c38bfa8 000000001a6e6340
0x000000001b1ce890:   0000000000000012 000000001ad52910
0x000000001b1ce8a0:   0000000016830488 000000001b1ce930
0x000000001b1ce8b0:   000000001b1cea78 0000000000000000
0x000000001b1ce8c0:   0000000016ffbb70 0000000066be2483
0x000000001b1ce8d0:   000000001b1ce970 000000001b1ce970
0x000000001b1ce8e0:   0000000000000003 0000000016ffbb70
0x000000001b1ce8f0:   0000000000000001 0000000016830488
0x000000001b1ce900:   0000000002207200 0000000066be8616
0x000000001b1ce910:   0000000000000000 0000000002207200
0x000000001b1ce920:   000000001b1cea78 00000000022054d8
0x000000001b1ce930:   4053364300000002 000000003e68660a
0x000000001b1ce940:   0000000000000000 0000000000000000
0x000000001b1ce950:   0000010100000000 000000001b1ceb01
0x000000001b1ce960:   0000000000000000 000000003f800000 

Instructions: (pc=0x0000000066bcbd0d)
0x0000000066bcbced:   48 8d 05 6c a3 05 00 0f b6 1c 18 80 fb 0d 0f b6
0x0000000066bcbcfd:   eb 77 21 48 8d 1c de 48 8b 43 10 48 85 c0 74 3a
0x0000000066bcbd0d:   48 8b 10 48 89 53 10 48 83 c4 28 5b 5e 5f 5d 41
0x0000000066bcbd1d:   5c 41 5d c3 48 8d 15 18 9e 04 00 48 8d 0d 99 9e 


Register to memory mapping:

RAX=0x000000021adba340 is an unknown value
RBX=0x000000001ad52940 is an unknown value
RCX=0x000000001ad52910 is an unknown value
RDX=0x00000000000000b8 is an unknown value
RSP=0x000000001b1ce870 is pointing into the stack for thread: 0x000000001a4a9800
RBP=0x0000000000000006 is an unknown value
RSI=0x000000001ad52910 is an unknown value
RDI=0x000000001b1ce930 is pointing into the stack for thread: 0x000000001a4a9800
R8 =0x000000001ad52910 is an unknown value
R9 =0x0000000000000002 is an unknown value
R10=0x0000000000000000 is an unknown value
R11=0x0000000000000001 is an unknown value
R12=0x0000000000000000 is an unknown value
R13={method} {0x0000000016ffbb78} 'jniCreateBody' '(JIFFFFFFFFZZZZZF)J' in 'com/badlogic/gdx/physics/box2d/World'
R14=0x000000001b1ceb20 is pointing into the stack for thread: 0x000000001a4a9800
R15=0x000000001a4a9800 is a thread


Stack: [0x000000001b0d0000,0x000000001b1d0000],  sp=0x000000001b1ce870,  free space=1018k
Native frames: (J=compiled Java code, j=interpreted, Vv=VM code, C=native code)
C  [gdx-box2d64.dll+0xbd0d]
C  [gdx-box2d64.dll+0x22483]
C  [gdx-box2d64.dll+0x28616]
C  0x0000000002215b74

Java frames: (J=compiled Java code, j=interpreted, Vv=VM code)
j  com.badlogic.gdx.physics.box2d.World.jniCreateBody(JIFFFFFFFFZZZZZF)J+0
j  com.badlogic.gdx.physics.box2d.World.createBody(Lcom/badlogic/gdx/physics/box2d/BodyDef;)Lcom/badlogic/gdx/physics/box2d/Body;+80
j  com.denis.game.model.Fixtures.FireBall.defineFireBall()V+67
j  com.denis.game.model.Fixtures.FireBall.<init>(Lcom/denis/game/view/PlayScreen;FFZ)V+122
j  com.denis.game.model.Mobs.Player.fire()V+44
J 1220 C1 com.denis.game.view.PlayScreen.handleInput(F)V (483 bytes) @ 0x00000000026b9a6c [0x00000000026b8a20+0x104c]
J 1219 C1 com.denis.game.view.PlayScreen.update(F)V (170 bytes) @ 0x00000000026b6f3c [0x00000000026b6ea0+0x9c]
J 1177 C1 com.denis.game.view.PlayScreen.render(F)V (287 bytes) @ 0x0000000002699f7c [0x0000000002699ee0+0x9c]
J 1214 C1 com.denis.game.Main.render()V (5 bytes) @ 0x00000000026b4784 [0x00000000026b4560+0x224]
j  com.badlogic.gdx.backends.lwjgl.LwjglApplication.mainLoop()V+698
j  com.badlogic.gdx.backends.lwjgl.LwjglApplication$1.run()V+27
v  ~StubRoutines::call_stub

---------------  P R O C E S S  ---------------

Java Threads: ( => current thread )
  0x000000001a5a1800 JavaThread "LWJGL Timer" daemon [_thread_blocked, id=35916, stack(0x00000000215e0000,0x00000000216e0000)]
  0x000000001a75d000 JavaThread "AsynchExecutor-Thread" daemon [_thread_blocked, id=36956, stack(0x00000000212d0000,0x00000000213d0000)]
  0x0000000002104000 JavaThread "DestroyJavaVM" [_thread_blocked, id=25744, stack(0x0000000002000000,0x0000000002100000)]
=>0x000000001a4a9800 JavaThread "LWJGL Application" [_thread_in_native, id=37420, stack(0x000000001b0d0000,0x000000001b1d0000)]
  0x0000000019573000 JavaThread "Monitor Ctrl-Break" daemon [_thread_in_native, id=7808, stack(0x0000000019e00000,0x0000000019f00000)]
  0x00000000192bc800 JavaThread "Service Thread" daemon [_thread_blocked, id=25280, stack(0x0000000019c00000,0x0000000019d00000)]
  0x0000000019247000 JavaThread "C1 CompilerThread3" daemon [_thread_blocked, id=43560, stack(0x0000000019b00000,0x0000000019c00000)]
  0x0000000019244000 JavaThread "C2 CompilerThread2" daemon [_thread_blocked, id=32860, stack(0x0000000019a00000,0x0000000019b00000)]
  0x0000000019237000 JavaThread "C2 CompilerThread1" daemon [_thread_blocked, id=43716, stack(0x0000000019900000,0x0000000019a00000)]
  0x0000000019235000 JavaThread "C2 CompilerThread0" daemon [_thread_blocked, id=37632, stack(0x0000000019800000,0x0000000019900000)]
  0x0000000019233000 JavaThread "Attach Listener" daemon [_thread_blocked, id=42476, stack(0x0000000019700000,0x0000000019800000)]
  0x0000000019232000 JavaThread "Signal Dispatcher" daemon [_thread_blocked, id=43288, stack(0x0000000019600000,0x0000000019700000)]
  0x00000000021fd800 JavaThread "Finalizer" daemon [_thread_blocked, id=35968, stack(0x0000000019100000,0x0000000019200000)]
  0x00000000021f7000 JavaThread "Reference Handler" daemon [_thread_blocked, id=42172, stack(0x0000000019000000,0x0000000019100000)]

Other Threads:
  0x0000000017219000 VMThread [stack: 0x0000000018f00000,0x0000000019000000] [id=25776]
  0x00000000192cd800 WatcherThread [stack: 0x0000000019d00000,0x0000000019e00000] [id=41604]

VM state:not at safepoint (normal execution)

VM Mutex/Monitor currently owned by a thread: None

Heap:
 PSYoungGen      total 38400K, used 8317K [0x00000000d5800000, 0x00000000d8280000, 0x0000000100000000)
  eden space 33280K, 9% used [0x00000000d5800000,0x00000000d5b244c8,0x00000000d7880000)
  from space 5120K, 99% used [0x00000000d7880000,0x00000000d7d7b1c8,0x00000000d7d80000)
  to   space 5120K, 0% used [0x00000000d7d80000,0x00000000d7d80000,0x00000000d8280000)
 ParOldGen       total 87552K, used 1809K [0x0000000080800000, 0x0000000085d80000, 0x00000000d5800000)
  object space 87552K, 2% used [0x0000000080800000,0x00000000809c4578,0x0000000085d80000)
 Metaspace       used 9633K, capacity 9731K, committed 9984K, reserved 1058816K
  class space    used 924K, capacity 947K, committed 1024K, reserved 1048576K

Card table byte_map: [0x00000000115c0000,0x00000000119c0000] byte_map_base: 0x00000000111bc000

Marking Bits: (ParMarkBitMap*) 0x000000005c55d490
 Begin Bits: [0x0000000012470000, 0x0000000014450000)
 End Bits:   [0x0000000014450000, 0x0000000016430000)

Polling page: 0x0000000001eb0000

CodeCache: size=245760Kb used=5324Kb max_used=5351Kb free=240436Kb
 bounds [0x0000000002200000, 0x0000000002750000, 0x0000000011200000]
 total_blobs=1906 nmethods=1389 adapters=431
 compilation: enabled

Compilation events (10 events):
Event: 16.862 Thread 0x0000000019235000 1385       4       com.badlogic.gdx.math.Vector3::crs (62 bytes)
Event: 16.862 Thread 0x0000000019235000 nmethod 1385 0x0000000002721a50 code [0x0000000002721b80, 0x0000000002721c38]
Event: 16.948 Thread 0x0000000019247000 1386       3       com.badlogic.gdx.scenes.scene2d.ui.Cell::setActorBounds (22 bytes)
Event: 16.948 Thread 0x0000000019247000 nmethod 1386 0x0000000002721710 code [0x0000000002721860, 0x00000000027219d0]
Event: 17.698 Thread 0x0000000019244000 1387       4       com.badlogic.gdx.physics.box2d.Box2DDebugRenderer::renderBodies (194 bytes)
Event: 17.814 Thread 0x0000000019247000 1388       3       com.badlogic.gdx.scenes.scene2d.Actor::setBounds (67 bytes)
Event: 17.815 Thread 0x0000000019247000 nmethod 1388 0x0000000002721050 code [0x00000000027211c0, 0x0000000002721648]
Event: 17.864 Thread 0x0000000019244000 nmethod 1387 0x000000000272b790 code [0x000000000272c280, 0x00000000027321c8]
Event: 17.895 Thread 0x0000000019237000 1389       4       com.badlogic.gdx.physics.box2d.Body::getLinearVelocity (43 bytes)
Event: 17.895 Thread 0x0000000019237000 nmethod 1389 0x0000000002720d10 code [0x0000000002720e60, 0x0000000002720f48]

GC Heap History (2 events):
Event: 9.895 GC heap before
{Heap before GC invocations=1 (full 0):
 PSYoungGen      total 38400K, used 33280K [0x00000000d5800000, 0x00000000d8280000, 0x0000000100000000)
  eden space 33280K, 100% used [0x00000000d5800000,0x00000000d7880000,0x00000000d7880000)
  from space 5120K, 0% used [0x00000000d7d80000,0x00000000d7d80000,0x00000000d8280000)
  to   space 5120K, 0% used [0x00000000d7880000,0x00000000d7880000,0x00000000d7d80000)
 ParOldGen       total 87552K, used 0K [0x0000000080800000, 0x0000000085d80000, 0x00000000d5800000)
  object space 87552K, 0% used [0x0000000080800000,0x0000000080800000,0x0000000085d80000)
 Metaspace       used 9600K, capacity 9667K, committed 9984K, reserved 1058816K
  class space    used 923K, capacity 947K, committed 1024K, reserved 1048576K
Event: 9.899 GC heap after
Heap after GC invocations=1 (full 0):
 PSYoungGen      total 38400K, used 5100K [0x00000000d5800000, 0x00000000d8280000, 0x0000000100000000)
  eden space 33280K, 0% used [0x00000000d5800000,0x00000000d5800000,0x00000000d7880000)
  from space 5120K, 99% used [0x00000000d7880000,0x00000000d7d7b1c8,0x00000000d7d80000)
  to   space 5120K, 0% used [0x00000000d7d80000,0x00000000d7d80000,0x00000000d8280000)
 ParOldGen       total 87552K, used 1809K [0x0000000080800000, 0x0000000085d80000, 0x00000000d5800000)
  object space 87552K, 2% used [0x0000000080800000,0x00000000809c4578,0x0000000085d80000)
 Metaspace       used 9600K, capacity 9667K, committed 9984K, reserved 1058816K
  class space    used 923K, capacity 947K, committed 1024K, reserved 1048576K
}

Deoptimization events (10 events):
Event: 8.818 Thread 0x000000001a4a9800 Uncommon trap: reason=array_check action=maybe_recompile pc=0x000000000262434c method=com.badlogic.gdx.utils.Array.add(Ljava/lang/Object;)V @ 46
Event: 8.818 Thread 0x000000001a4a9800 Uncommon trap: reason=unreached action=reinterpret pc=0x00000000026a42bc method=com.badlogic.gdx.utils.Array.iterator()Ljava/util/Iterator; @ 4
Event: 8.818 Thread 0x000000001a4a9800 Uncommon trap: reason=unreached action=reinterpret pc=0x0000000002627998 method=com.badlogic.gdx.utils.Array$ArrayIterable.iterator()Ljava/util/Iterator; @ 4
Event: 9.923 Thread 0x000000001a4a9800 Uncommon trap: reason=unreached action=reinterpret pc=0x00000000025c763c method=com.jcraft.jorbis.Block.synthesis(Lcom/jcraft/jogg/Packet;)I @ 217
Event: 9.929 Thread 0x000000001a4a9800 Uncommon trap: reason=unreached action=reinterpret pc=0x000000000267538c method=com.badlogic.gdx.utils.Array.iterator()Ljava/util/Iterator; @ 4
Event: 9.929 Thread 0x000000001a4a9800 Uncommon trap: reason=unreached action=reinterpret pc=0x0000000002650fb0 method=com.badlogic.gdx.physics.box2d.Fixture.getShape()Lcom/badlogic/gdx/physics/box2d/Shape; @ 4
Event: 9.930 Thread 0x000000001a4a9800 Uncommon trap: reason=class_check action=maybe_recompile pc=0x00000000026bfb20 method=com.badlogic.gdx.scenes.scene2d.ui.Widget.validate()V @ 89
Event: 9.930 Thread 0x000000001a4a9800 Uncommon trap: reason=class_check action=maybe_recompile pc=0x00000000026bfb20 method=com.badlogic.gdx.scenes.scene2d.ui.Widget.validate()V @ 89
Event: 9.930 Thread 0x000000001a4a9800 Uncommon trap: reason=class_check action=maybe_recompile pc=0x00000000026bfb20 method=com.badlogic.gdx.scenes.scene2d.ui.Widget.validate()V @ 89
Event: 9.930 Thread 0x000000001a4a9800 Uncommon trap: reason=class_check action=maybe_recompile pc=0x00000000026bfb20 method=com.badlogic.gdx.scenes.scene2d.ui.Widget.validate()V @ 89

Internal exceptions (10 events):
Event: 8.815 Thread 0x000000001a4a9800 Exception <a 'java/security/PrivilegedActionException'> (0x00000000d758e2c8) thrown at [D:\re\workspace\8-2-build-windows-amd64-cygwin\jdk8u25\1677\hotspot\src\share\vm\prims\jvm.cpp, line 1312]
Event: 8.816 Thread 0x000000001a4a9800 Exception <a 'java/security/PrivilegedActionException'> (0x00000000d75aa820) thrown at [D:\re\workspace\8-2-build-windows-amd64-cygwin\jdk8u25\1677\hotspot\src\share\vm\prims\jvm.cpp, line 1312]
Event: 8.817 Thread 0x000000001a4a9800 Exception <a 'java/security/PrivilegedActionException'> (0x00000000d75b4188) thrown at [D:\re\workspace\8-2-build-windows-amd64-cygwin\jdk8u25\1677\hotspot\src\share\vm\prims\jvm.cpp, line 1312]
Event: 8.818 Thread 0x000000001a4a9800 Exception <a 'java/security/PrivilegedActionException'> (0x00000000d75b8fd8) thrown at [D:\re\workspace\8-2-build-windows-amd64-cygwin\jdk8u25\1677\hotspot\src\share\vm\prims\jvm.cpp, line 1312]
Event: 8.818 Thread 0x000000001a4a9800 Implicit null exception at 0x00000000026a4250 to 0x00000000026a42a9
Event: 8.818 Thread 0x000000001a4a9800 Implicit null exception at 0x0000000002627930 to 0x0000000002627985
Event: 9.923 Thread 0x000000001a4a9800 Implicit null exception at 0x00000000025c719c to 0x00000000025c7631
Event: 9.929 Thread 0x000000001a4a9800 Implicit null exception at 0x0000000002674f60 to 0x000000000267536d
Event: 9.929 Thread 0x000000001a4a9800 Implicit null exception at 0x000000000264ecb6 to 0x0000000002650fa5
Event: 17.478 Thread 0x000000001a4a9800 Exception <a 'java/security/PrivilegedActionException'> (0x00000000d5aa05b0) thrown at [D:\re\workspace\8-2-build-windows-amd64-cygwin\jdk8u25\1677\hotspot\src\share\vm\prims\jvm.cpp, line 1312]

Events (10 events):
Event: 9.930 Thread 0x000000001a4a9800 DEOPT PACKING pc=0x00000000026bfb20 sp=0x000000001b1cea10
Event: 9.930 Thread 0x000000001a4a9800 DEOPT UNPACKING pc=0x000000000224556a sp=0x000000001b1ce998 mode 2
Event: 9.930 Thread 0x000000001a4a9800 Uncommon trap: trap_request=0xffffffde fr.pc=0x00000000026bfb20
Event: 9.930 Thread 0x000000001a4a9800 DEOPT PACKING pc=0x00000000026bfb20 sp=0x000000001b1cea10
Event: 9.930 Thread 0x000000001a4a9800 DEOPT UNPACKING pc=0x000000000224556a sp=0x000000001b1ce998 mode 2
Event: 9.930 Thread 0x000000001a4a9800 Uncommon trap: trap_request=0xffffffde fr.pc=0x00000000026bfb20
Event: 9.930 Thread 0x000000001a4a9800 DEOPT PACKING pc=0x00000000026bfb20 sp=0x000000001b1cea10
Event: 9.930 Thread 0x000000001a4a9800 DEOPT UNPACKING pc=0x000000000224556a sp=0x000000001b1ce998 mode 2
Event: 17.477 loading class com/denis/game/model/Fixtures/FireBall
Event: 17.477 loading class com/denis/game/model/Fixtures/FireBall done


Dynamic libraries:
0x00007ff787250000 - 0x00007ff787284000 	C:\Program Files\Java\jdk1.8.0_25\bin\java.exe
0x00007ffbffbc0000 - 0x00007ffbffd82000 	C:\WINDOWS\SYSTEM32\ntdll.dll
0x00007ffbfe2a0000 - 0x00007ffbfe34d000 	C:\WINDOWS\system32\KERNEL32.DLL
0x00007ffbfc9b0000 - 0x00007ffbfcb8d000 	C:\WINDOWS\system32\KERNELBASE.dll
0x00007ffbfd6a0000 - 0x00007ffbfd746000 	C:\WINDOWS\system32\ADVAPI32.dll
0x00007ffbffb10000 - 0x00007ffbffbad000 	C:\WINDOWS\system32\msvcrt.dll
0x00007ffbfd900000 - 0x00007ffbfd95b000 	C:\WINDOWS\system32\sechost.dll
0x00007ffbfd270000 - 0x00007ffbfd396000 	C:\WINDOWS\system32\RPCRT4.dll
0x00007ffbff9b0000 - 0x00007ffbffafe000 	C:\WINDOWS\system32\USER32.dll
0x00007ffbfd770000 - 0x00007ffbfd8f6000 	C:\WINDOWS\system32\GDI32.dll
0x00007ffbf7280000 - 0x00007ffbf74f4000 	C:\WINDOWS\WinSxS\amd64_microsoft.windows.common-controls_6595b64144ccf1df_6.0.10240.16384_none_f41f7b285750ef43\COMCTL32.dll
0x00007ffbfe0f0000 - 0x00007ffbfe126000 	C:\WINDOWS\system32\IMM32.DLL
0x00007ffbfdf90000 - 0x00007ffbfe0ec000 	C:\WINDOWS\system32\MSCTF.dll
0x000000005bb00000 - 0x000000005bbd2000 	C:\Program Files\Java\jdk1.8.0_25\jre\bin\msvcr100.dll
0x000000005bd80000 - 0x000000005c5da000 	C:\Program Files\Java\jdk1.8.0_25\jre\bin\server\jvm.dll
0x00007ffbffb00000 - 0x00007ffbffb08000 	C:\WINDOWS\system32\PSAPI.DLL
0x00007ffbf1a90000 - 0x00007ffbf1a99000 	C:\WINDOWS\SYSTEM32\WSOCK32.dll
0x00007ffbfa720000 - 0x00007ffbfa743000 	C:\WINDOWS\SYSTEM32\WINMM.dll
0x00007ffbfe350000 - 0x00007ffbfe3b9000 	C:\WINDOWS\system32\WS2_32.dll
0x00007ffbffbb0000 - 0x00007ffbffbb8000 	C:\WINDOWS\system32\NSI.dll
0x00007ffbfa6f0000 - 0x00007ffbfa71c000 	C:\WINDOWS\SYSTEM32\WINMMBASE.dll
0x00007ffbfc670000 - 0x00007ffbfc6b4000 	C:\WINDOWS\system32\cfgmgr32.dll
0x00007ffbfaf40000 - 0x00007ffbfaf67000 	C:\WINDOWS\SYSTEM32\DEVOBJ.dll
0x000000005cf10000 - 0x000000005cf1f000 	C:\Program Files\Java\jdk1.8.0_25\jre\bin\verify.dll
0x000000005cee0000 - 0x000000005cf08000 	C:\Program Files\Java\jdk1.8.0_25\jre\bin\java.dll
0x000000005cec0000 - 0x000000005ced6000 	C:\Program Files\Java\jdk1.8.0_25\jre\bin\zip.dll
0x00007ffbfe3c0000 - 0x00007ffbff8e2000 	C:\WINDOWS\system32\SHELL32.dll
0x00007ffbfcb90000 - 0x00007ffbfd1b8000 	C:\WINDOWS\system32\windows.storage.dll
0x00007ffbfdcb0000 - 0x00007ffbfdf2c000 	C:\WINDOWS\system32\combase.dll
0x00007ffbfdc40000 - 0x00007ffbfdc91000 	C:\WINDOWS\system32\shlwapi.dll
0x00007ffbfc660000 - 0x00007ffbfc66f000 	C:\WINDOWS\system32\kernel.appcore.dll
0x00007ffbfc8f0000 - 0x00007ffbfc9a3000 	C:\WINDOWS\system32\shcore.dll
0x00007ffbfc610000 - 0x00007ffbfc65a000 	C:\WINDOWS\system32\powrprof.dll
0x00007ffbfc5f0000 - 0x00007ffbfc603000 	C:\WINDOWS\system32\profapi.dll
0x00007ffbfa790000 - 0x00007ffbfa79f000 	C:\Program Files\Android\Android Studio1\bin\breakgen64.dll
0x000000005cea0000 - 0x000000005ceba000 	C:\Program Files\Java\jdk1.8.0_25\jre\bin\net.dll
0x00007ffbfbde0000 - 0x00007ffbfbe3d000 	C:\WINDOWS\system32\mswsock.dll
0x0000000065580000 - 0x0000000065616000 	C:\Users\DNS\AppData\Local\Temp\libgdxDNS\f78d4dc2\gdx64.dll
0x00007ffbfbe40000 - 0x00007ffbfbe57000 	C:\WINDOWS\SYSTEM32\CRYPTSP.dll
0x00007ffbfc500000 - 0x00007ffbfc528000 	C:\WINDOWS\SYSTEM32\bcrypt.dll
0x00007ffbfba90000 - 0x00007ffbfbac3000 	C:\WINDOWS\system32\rsaenh.dll
0x00007ffbfbb80000 - 0x00007ffbfbb9f000 	C:\WINDOWS\SYSTEM32\USERENV.dll
0x00007ffbfc3f0000 - 0x00007ffbfc45b000 	C:\WINDOWS\system32\bcryptprimitives.dll
0x00007ffbfc0d0000 - 0x00007ffbfc0db000 	C:\WINDOWS\SYSTEM32\CRYPTBASE.dll
0x00007ffbf84c0000 - 0x00007ffbf84f8000 	C:\WINDOWS\SYSTEM32\IPHLPAPI.DLL
0x00007ffbf8360000 - 0x00007ffbf836b000 	C:\WINDOWS\SYSTEM32\WINNSI.DLL
0x00007ffbf7d50000 - 0x00007ffbf7d66000 	C:\WINDOWS\SYSTEM32\dhcpcsvc6.DLL
0x00007ffbf7d30000 - 0x00007ffbf7d4a000 	C:\WINDOWS\SYSTEM32\dhcpcsvc.DLL
0x000000005ce80000 - 0x000000005ce91000 	C:\Program Files\Java\jdk1.8.0_25\jre\bin\nio.dll
0x0000000180000000 - 0x0000000180053000 	C:\Users\DNS\AppData\Local\Temp\libgdxDNS\dc0f0009\lwjgl64.dll
0x00007ffbf8e20000 - 0x00007ffbf8e2a000 	C:\WINDOWS\SYSTEM32\VERSION.dll
0x00007ffbd8290000 - 0x00007ffbd83b8000 	C:\WINDOWS\SYSTEM32\OPENGL32.dll
0x00007ffbf6260000 - 0x00007ffbf628e000 	C:\WINDOWS\SYSTEM32\GLU32.dll
0x00007ffbd80e0000 - 0x00007ffbd81d6000 	C:\WINDOWS\SYSTEM32\DDRAW.dll
0x00007ffbf8bf0000 - 0x00007ffbf8bf8000 	C:\WINDOWS\SYSTEM32\DCIMAN32.dll
0x000000001aab0000 - 0x000000001ab14000 	C:\Users\DNS\AppData\Local\Temp\libgdxDNS\dc0f0009\OpenAL64.dll
0x00007ffbfd550000 - 0x00007ffbfd691000 	C:\WINDOWS\system32\ole32.dll
0x00007ffbfaea0000 - 0x00007ffbfaf36000 	C:\WINDOWS\system32\uxtheme.dll
0x00007ffbfdb90000 - 0x00007ffbfdc35000 	C:\WINDOWS\system32\clbcatq.dll
0x00007ffbfa4b0000 - 0x00007ffbfa633000 	C:\WINDOWS\System32\PROPSYS.dll
0x00007ffbff8f0000 - 0x00007ffbff9ae000 	C:\WINDOWS\system32\OLEAUT32.dll
0x00007ffbd7fe0000 - 0x00007ffbd807c000 	C:\WINDOWS\SYSTEM32\dsound.dll
0x00007ffbf6c50000 - 0x00007ffbf6cc2000 	C:\WINDOWS\System32\MMDevApi.dll
0x00007ffbf43e0000 - 0x00007ffbf4465000 	C:\WINDOWS\SYSTEM32\AUDIOSES.DLL
0x00007ffbf7790000 - 0x00007ffbf78c1000 	C:\WINDOWS\SYSTEM32\wintypes.dll
0x00007ffbfa460000 - 0x00007ffbfa482000 	C:\WINDOWS\system32\dwmapi.dll
0x0000000059b60000 - 0x000000005b93c000 	C:\WINDOWS\SYSTEM32\nvoglv64.DLL
0x00007ffbfd960000 - 0x00007ffbfdb25000 	C:\WINDOWS\system32\SETUPAPI.dll
0x00007ffbfa640000 - 0x00007ffbfa653000 	C:\WINDOWS\SYSTEM32\WTSAPI32.dll
0x00007ffbf1800000 - 0x00007ffbf198a000 	C:\WINDOWS\SYSTEM32\dbghelp.dll
0x00007ffbfc890000 - 0x00007ffbfc8e4000 	C:\WINDOWS\system32\WINTRUST.dll
0x00007ffbfc5d0000 - 0x00007ffbfc5e1000 	C:\WINDOWS\system32\MSASN1.dll
0x00007ffbfc6c0000 - 0x00007ffbfc881000 	C:\WINDOWS\system32\CRYPT32.dll
0x00007ffbfb910000 - 0x00007ffbfb942000 	C:\WINDOWS\SYSTEM32\ntmarta.dll
0x00007ffbfc030000 - 0x00007ffbfc088000 	C:\WINDOWS\SYSTEM32\WINSTA.dll
0x00007ffbde140000 - 0x00007ffbde1d1000 	C:\WINDOWS\SYSTEM32\mscms.dll
0x00007ffbde0f0000 - 0x00007ffbde132000 	C:\WINDOWS\SYSTEM32\icm32.dll
0x0000000066bc0000 - 0x0000000066c7b000 	C:\Users\DNS\AppData\Local\Temp\libgdxDNS\26e814da\gdx-box2d64.dll

VM Arguments:
jvm_args: -Didea.launcher.port=7532 -Didea.launcher.bin.path=C:\Program Files\Android\Android Studio1\bin -Dfile.encoding=UTF-8 
java_command: com.intellij.rt.execution.application.AppMain com.denis.game.desktop.DesktopLauncher
java_class_path (initial): C:\Program Files\Java\jdk1.8.0_25\jre\lib\charsets.jar;C:\Program Files\Java\jdk1.8.0_25\jre\lib\deploy.jar;C:\Program Files\Java\jdk1.8.0_25\jre\lib\javaws.jar;C:\Program Files\Java\jdk1.8.0_25\jre\lib\jce.jar;C:\Program Files\Java\jdk1.8.0_25\jre\lib\jfr.jar;C:\Program Files\Java\jdk1.8.0_25\jre\lib\jfxswt.jar;C:\Program Files\Java\jdk1.8.0_25\jre\lib\jsse.jar;C:\Program Files\Java\jdk1.8.0_25\jre\lib\management-agent.jar;C:\Program Files\Java\jdk1.8.0_25\jre\lib\plugin.jar;C:\Program Files\Java\jdk1.8.0_25\jre\lib\resources.jar;C:\Program Files\Java\jdk1.8.0_25\jre\lib\rt.jar;C:\Program Files\Java\jdk1.8.0_25\jre\lib\ext\access-bridge-64.jar;C:\Program Files\Java\jdk1.8.0_25\jre\lib\ext\cldrdata.jar;C:\Program Files\Java\jdk1.8.0_25\jre\lib\ext\dnsns.jar;C:\Program Files\Java\jdk1.8.0_25\jre\lib\ext\jaccess.jar;C:\Program Files\Java\jdk1.8.0_25\jre\lib\ext\jfxrt.jar;C:\Program Files\Java\jdk1.8.0_25\jre\lib\ext\localedata.jar;C:\Program Files\Java\jdk1.8.0_25\jre\lib\ext\nashorn.jar;C:\Program Files\Java\jdk1.8.0_25\jre\lib\ext\sunec.jar;C:\Program Files\Java\jdk1.8.0_25\jre\lib\ext\sunjce_provider.jar;C:\Program Files\Java\jdk1.8.0_25\jre\lib\ext\sunmscapi.jar;C:\Program Files\Java\jdk1.8.0_25\jre\lib\ext\sunpkcs11.jar;C:\Program Files\Java\jdk1.8.0_25\jre\lib\ext\zipfs.jar;C:\Users\DNS\Desktop\MVC_game_v0.1\desktop\build\classes\main;C:\Users\DNS\Desktop\MVC_game_v0.1\core\build\classes\main;C:\Users\DNS\.gradle\caches\modules-2\files-2.1\com.badlogicgames.gdx\gdx\1.9.1\41e844a4849872fdb9c33f3f2790e356f907f491\gdx-1.9.1.jar;C:\Users\DNS\.gradle\caches\modules-2\files-2.1\com.badlogicgames.gdx\gdx-box2d\1.9.1\efc80b7e8a239404fdcb9816c9d3bad168e148c2\gdx-box2d-1.9.1.jar;C:\Users\DNS\.gradle\caches\modules-2\files-2.1\com.badlogicgames.gdx\gdx-controllers\1.9.1\37ec89fd7b1ef2deed3444ca94666f188e5b173d\gdx-controllers-1.9.1.jar;C:\Users\DNS\.gradle\caches\modules-2\files-2.1\com.badlogicgames.gdx\gdx-freetype\1.9.1\984e5fb95e17b03ae5884
Launcher Type: SUN_STANDARD

Environment Variables:
PATH=C:\ProgramData\Oracle\Java\javapath;C:\Program Files (x86)\Common Files\Intel\Shared Libraries\redist\intel64\compiler;C:\Program Files (x86)\ActiveState Komodo Edit 8\;C:\Program Files (x86)\Intel\iCLS Client\;C:\Program Files\Intel\iCLS Client\;C:\Program Files\Common Files\Microsoft Shared\Windows Live;C:\Program Files (x86)\Common Files\Microsoft Shared\Windows Live;C:\WINDOWS\system32;C:\WINDOWS;C:\WINDOWS\System32\Wbem;C:\WINDOWS\System32\WindowsPowerShell\v1.0\;C:\Program Files (x86)\Windows Live\Shared;C:\Program Files\Intel\Intel(R) Management Engine Components\DAL;C:\Program Files\Intel\Intel(R) Management Engine Components\IPT;C:\Program Files (x86)\Intel\Intel(R) Management Engine Components\DAL;C:\Program Files (x86)\Intel\Intel(R) Management Engine Components\IPT;C:\Program Files (x86)\IVI Foundation\VISA\WinNT\Bin;C:\FPC\2.6.0\bin\i386-Win32;;C:\FPC\2.6.2\bin\i386-Win32;C:\Program Files\nodejs\;C:\Program Files\Microsoft SQL Server\110\Tools\Binn\;C:\FPC\2.6.4\bin\i386-Win32;C:\Program Files (x86)\QuickTime\QTSystem\;C:\FPC\2.6.0\bin\i386-win32;C:\Program Files\Microsoft\Web Platform Installer\;C:\Program Files\IBM\SPSS\Statistics\22\JRE\bin;C:\Program Files (x86)\Brackets\command;C:\Program Files (x86)\NVIDIA Corporation\PhysX\Common;C:\Program Files (x86)\GtkSharp\2.12\bin;C:\Program Files (x86)\Skype\Phone\;C:\Python34
USERNAME=DNS
OS=Windows_NT
PROCESSOR_IDENTIFIER=Intel64 Family 6 Model 58 Stepping 9, GenuineIntel



---------------  S Y S T E M  ---------------

OS: Windows 8.1 , 64 bit Build 9600 

CPU:total 8 (4 cores per cpu, 2 threads per core) family 6 model 58 stepping 9, cmov, cx8, fxsr, mmx, sse, sse2, sse3, ssse3, sse4.1, sse4.2, popcnt, avx, aes, clmul, erms, ht, tsc, tscinvbit, tscinv

Memory: 4k page, physical 8348436k(2568196k free), swap 16737044k(7440180k free)

vm_info: Java HotSpot(TM) 64-Bit Server VM (25.25-b02) for windows-amd64 JRE (1.8.0_25-b18), built on Oct  7 2014 14:25:37 by "java_re" with MS VC++ 10.0 (VS2010)

time: Thu Apr 14 23:28:22 2016
elapsed time: 18 seconds (0d 0h 0m 18s)

