#
# A fatal error has been detected by the Java Runtime Environment:
#
#  EXCEPTION_ACCESS_VIOLATION (0xc0000005) at pc=0x0000000066bcbd0d, pid=20536, tid=13068
#
# JRE version: Java(TM) SE Runtime Environment (8.0_25-b18) (build 1.8.0_25-b18)
# Java VM: Java HotSpot(TM) 64-Bit Server VM (25.25-b02 mixed mode windows-amd64 compressed oops)
# Problematic frame:
# C  [gdx-box2d64.dll+0xbd0d]
#
# Failed to write core dump. Minidumps are not enabled by default on client versions of Windows
#
# If you would like to submit a bug report, please visit:
#   http://bugreport.sun.com/bugreport/crash.jsp
# The crash happened outside the Java Virtual Machine in native code.
# See problematic frame for where to report the bug.
#

---------------  T H R E A D  ---------------

Current thread (0x0000000019781800):  JavaThread "LWJGL Application" [_thread_in_native, id=13068, stack(0x000000001b140000,0x000000001b240000)]

siginfo: ExceptionCode=0xc0000005, reading address 0x000000021aeb7eb0

Registers:
RAX=0x000000021aeb7eb0, RBX=0x000000001ae89ef0, RCX=0x000000001ae89ec0, RDX=0x00000000000000b8
RSP=0x000000001b23eb40, RBP=0x0000000000000006, RSI=0x000000001ae89ec0, RDI=0x000000001b23ec00
R8 =0x000000001ae89ec0, R9 =0x0000000000000002, R10=0x0000000000000000, R11=0x0000000000000001
R12=0x0000000000000000, R13=0x0000000017185bb0, R14=0x000000001b23edf0, R15=0x0000000019781800
RIP=0x0000000066bcbd0d, EFLAGS=0x0000000000010202

Top of Stack: (sp=0x000000001b23eb40)
0x000000001b23eb40:   0000000017185bb0 0000000019781800
0x000000001b23eb50:   000000005c38bfa8 000000001a85fa30
0x000000001b23eb60:   0000000000000012 000000001ae89ec0
0x000000001b23eb70:   00000000169c0488 000000001b23ec00
0x000000001b23eb80:   000000001b23ed48 0000000000000000
0x000000001b23eb90:   0000000017185bb0 0000000066be2483
0x000000001b23eba0:   000000001b23ec40 000000001b23ec40
0x000000001b23ebb0:   0000000000000003 0000000017185bb0
0x000000001b23ebc0:   0000000000000001 00000000169c0488
0x000000001b23ebd0:   0000000003407200 0000000066be8616
0x000000001b23ebe0:   0000000000000000 0000000003407200
0x000000001b23ebf0:   000000001b23ed48 00000000034054d8
0x000000001b23ec00:   3f9fe1a800000002 000000003f347d10
0x000000001b23ec10:   0000000000000000 0000000000000000
0x000000001b23ec20:   0000010100000000 000000001b23ed01
0x000000001b23ec30:   0000000000000000 000000003f800000 

Instructions: (pc=0x0000000066bcbd0d)
0x0000000066bcbced:   48 8d 05 6c a3 05 00 0f b6 1c 18 80 fb 0d 0f b6
0x0000000066bcbcfd:   eb 77 21 48 8d 1c de 48 8b 43 10 48 85 c0 74 3a
0x0000000066bcbd0d:   48 8b 10 48 89 53 10 48 83 c4 28 5b 5e 5f 5d 41
0x0000000066bcbd1d:   5c 41 5d c3 48 8d 15 18 9e 04 00 48 8d 0d 99 9e 


Register to memory mapping:

RAX=0x000000021aeb7eb0 is an unknown value
RBX=0x000000001ae89ef0 is an unknown value
RCX=0x000000001ae89ec0 is an unknown value
RDX=0x00000000000000b8 is an unknown value
RSP=0x000000001b23eb40 is pointing into the stack for thread: 0x0000000019781800
RBP=0x0000000000000006 is an unknown value
RSI=0x000000001ae89ec0 is an unknown value
RDI=0x000000001b23ec00 is pointing into the stack for thread: 0x0000000019781800
R8 =0x000000001ae89ec0 is an unknown value
R9 =0x0000000000000002 is an unknown value
R10=0x0000000000000000 is an unknown value
R11=0x0000000000000001 is an unknown value
R12=0x0000000000000000 is an unknown value
R13={method} {0x0000000017185bb8} 'jniCreateBody' '(JIFFFFFFFFZZZZZF)J' in 'com/badlogic/gdx/physics/box2d/World'
R14=0x000000001b23edf0 is pointing into the stack for thread: 0x0000000019781800
R15=0x0000000019781800 is a thread


Stack: [0x000000001b140000,0x000000001b240000],  sp=0x000000001b23eb40,  free space=1018k
Native frames: (J=compiled Java code, j=interpreted, Vv=VM code, C=native code)
C  [gdx-box2d64.dll+0xbd0d]
C  [gdx-box2d64.dll+0x22483]
C  [gdx-box2d64.dll+0x28616]
C  0x0000000003415b74

Java frames: (J=compiled Java code, j=interpreted, Vv=VM code)
j  com.badlogic.gdx.physics.box2d.World.jniCreateBody(JIFFFFFFFFZZZZZF)J+0
j  com.badlogic.gdx.physics.box2d.World.createBody(Lcom/badlogic/gdx/physics/box2d/BodyDef;)Lcom/badlogic/gdx/physics/box2d/Body;+80
j  com.denis.game.model.Fixtures.FireBall.defineFireBall()V+67
j  com.denis.game.model.Fixtures.FireBall.<init>(Lcom/denis/game/view/PlayScreen;FFZ)V+122
j  com.denis.game.model.Mobs.Player.fire()V+44
J 1209 C1 com.denis.game.view.PlayScreen.handleInput(F)V (444 bytes) @ 0x00000000038b1f6c [0x00000000038b0f20+0x104c]
J 1208 C1 com.denis.game.view.PlayScreen.update(F)V (151 bytes) @ 0x00000000038af55c [0x00000000038af4c0+0x9c]
J 1167 C1 com.denis.game.view.PlayScreen.render(F)V (279 bytes) @ 0x0000000003897cbc [0x0000000003897c20+0x9c]
J 1238 C1 com.denis.game.Main.render()V (5 bytes) @ 0x00000000038c2d04 [0x00000000038c2ae0+0x224]
j  com.badlogic.gdx.backends.lwjgl.LwjglApplication.mainLoop()V+698
j  com.badlogic.gdx.backends.lwjgl.LwjglApplication$1.run()V+27
v  ~StubRoutines::call_stub

---------------  P R O C E S S  ---------------

Java Threads: ( => current thread )
  0x000000001a960000 JavaThread "LWJGL Timer" daemon [_thread_blocked, id=19952, stack(0x0000000021670000,0x0000000021770000)]
  0x000000001a84e800 JavaThread "AsynchExecutor-Thread" daemon [_thread_blocked, id=21456, stack(0x0000000021360000,0x0000000021460000)]
  0x0000000000dc4000 JavaThread "DestroyJavaVM" [_thread_blocked, id=13780, stack(0x0000000000cc0000,0x0000000000dc0000)]
=>0x0000000019781800 JavaThread "LWJGL Application" [_thread_in_native, id=13068, stack(0x000000001b140000,0x000000001b240000)]
  0x000000001966e000 JavaThread "Monitor Ctrl-Break" daemon [_thread_in_native, id=19784, stack(0x0000000019fb0000,0x000000001a0b0000)]
  0x000000001945a000 JavaThread "Service Thread" daemon [_thread_blocked, id=21500, stack(0x0000000019db0000,0x0000000019eb0000)]
  0x00000000193e4800 JavaThread "C1 CompilerThread3" daemon [_thread_blocked, id=20572, stack(0x0000000019cb0000,0x0000000019db0000)]
  0x00000000193e1800 JavaThread "C2 CompilerThread2" daemon [_thread_blocked, id=20116, stack(0x0000000019bb0000,0x0000000019cb0000)]
  0x00000000193df800 JavaThread "C2 CompilerThread1" daemon [_thread_blocked, id=20068, stack(0x0000000019ab0000,0x0000000019bb0000)]
  0x00000000193dd800 JavaThread "C2 CompilerThread0" daemon [_thread_blocked, id=11300, stack(0x00000000199b0000,0x0000000019ab0000)]
  0x00000000193dc800 JavaThread "Attach Listener" daemon [_thread_blocked, id=18528, stack(0x00000000198b0000,0x00000000199b0000)]
  0x00000000193db800 JavaThread "Signal Dispatcher" daemon [_thread_blocked, id=12804, stack(0x00000000197b0000,0x00000000198b0000)]
  0x00000000173ac000 JavaThread "Finalizer" daemon [_thread_blocked, id=11512, stack(0x00000000192b0000,0x00000000193b0000)]
  0x0000000000eb7800 JavaThread "Reference Handler" daemon [_thread_blocked, id=11400, stack(0x00000000191b0000,0x00000000192b0000)]

Other Threads:
  0x00000000173a8000 VMThread [stack: 0x00000000190b0000,0x00000000191b0000] [id=19652]
  0x0000000019488800 WatcherThread [stack: 0x0000000019eb0000,0x0000000019fb0000] [id=17428]

VM state:not at safepoint (normal execution)

VM Mutex/Monitor currently owned by a thread: None

Heap:
 PSYoungGen      total 38400K, used 30798K [0x00000000d5800000, 0x00000000d8280000, 0x0000000100000000)
  eden space 33280K, 92% used [0x00000000d5800000,0x00000000d7613948,0x00000000d7880000)
  from space 5120K, 0% used [0x00000000d7d80000,0x00000000d7d80000,0x00000000d8280000)
  to   space 5120K, 0% used [0x00000000d7880000,0x00000000d7880000,0x00000000d7d80000)
 ParOldGen       total 87552K, used 0K [0x0000000080800000, 0x0000000085d80000, 0x00000000d5800000)
  object space 87552K, 0% used [0x0000000080800000,0x0000000080800000,0x0000000085d80000)
 Metaspace       used 9544K, capacity 9661K, committed 9984K, reserved 1058816K
  class space    used 913K, capacity 946K, committed 1024K, reserved 1048576K

Card table byte_map: [0x0000000001280000,0x0000000001680000] byte_map_base: 0x0000000000e7c000

Marking Bits: (ParMarkBitMap*) 0x000000005c55d490
 Begin Bits: [0x0000000012600000, 0x00000000145e0000)
 End Bits:   [0x00000000145e0000, 0x00000000165c0000)

Polling page: 0x0000000000850000

CodeCache: size=245760Kb used=5314Kb max_used=5319Kb free=240445Kb
 bounds [0x0000000003400000, 0x0000000003940000, 0x0000000012400000]
 total_blobs=1859 nmethods=1345 adapters=428
 compilation: enabled

Compilation events (10 events):
Event: 22.330 Thread 0x00000000193e4800 1341       1       org.lwjgl.opengl.WindowsDisplayPeerInfo::doLockAndInitHandle (1 bytes)
Event: 22.330 Thread 0x00000000193e4800 nmethod 1341 0x0000000003926ad0 code [0x0000000003926c20, 0x0000000003926d30]
Event: 22.363 Thread 0x00000000193e4800 1342       3       com.badlogic.gdx.scenes.scene2d.Actor::setBounds (67 bytes)
Event: 22.363 Thread 0x00000000193e4800 nmethod 1342 0x000000000392efd0 code [0x000000000392f140, 0x000000000392f5c8]
Event: 22.402 Thread 0x00000000193e4800 1343       1       org.lwjgl.opengl.Display::wasResized (4 bytes)
Event: 22.402 Thread 0x00000000193e4800 nmethod 1343 0x0000000003926810 code [0x0000000003926960, 0x0000000003926a50]
Event: 22.686 Thread 0x00000000193e4800 1344       3       java.nio.HeapByteBuffer::putLong (21 bytes)
Event: 22.687 Thread 0x00000000193e4800 nmethod 1344 0x000000000392e910 code [0x000000000392eaa0, 0x000000000392ee68]
Event: 22.687 Thread 0x00000000193e4800 1345       3       java.nio.Bits::putLong (21 bytes)
Event: 22.687 Thread 0x00000000193e4800 nmethod 1345 0x000000000392e4d0 code [0x000000000392e640, 0x000000000392e838]

GC Heap History (0 events):
No events

Deoptimization events (5 events):
Event: 0.858 Thread 0x0000000019781800 Uncommon trap: reason=unreached action=reinterpret pc=0x0000000003689814 method=com.badlogic.gdx.assets.AssetLoadingTask.update()Z @ 35
Event: 3.380 Thread 0x0000000019781800 Uncommon trap: reason=unreached action=reinterpret pc=0x000000000381ada0 method=com.badlogic.gdx.maps.tiled.renderers.OrthogonalTiledMapRenderer.renderTileLayer(Lcom/badlogic/gdx/maps/tiled/TiledMapTileLayer;)V @ 243
Event: 3.397 Thread 0x0000000019781800 Uncommon trap: reason=unreached action=reinterpret pc=0x0000000003812764 method=com.badlogic.gdx.maps.tiled.renderers.OrthogonalTiledMapRenderer.renderTileLayer(Lcom/badlogic/gdx/maps/tiled/TiledMapTileLayer;)V @ 243
Event: 15.037 Thread 0x0000000019781800 Uncommon trap: reason=unreached action=reinterpret pc=0x00000000037c1f00 method=com.jcraft.jorbis.Mapping0.inverse(Lcom/jcraft/jorbis/Block;Ljava/lang/Object;)I @ 214
Event: 15.038 Thread 0x0000000019781800 Uncommon trap: reason=null_check action=make_not_entrant pc=0x0000000003895ae4 method=com.jcraft.jorbis.Floor1.inverse1(Lcom/jcraft/jorbis/Block;Ljava/lang/Object;Ljava/lang/Object;)Ljava/lang/Object; @ 38

Internal exceptions (10 events):
Event: 1.326 Thread 0x0000000019781800 Exception <a 'java/security/PrivilegedActionException'> (0x00000000d755c058) thrown at [D:\re\workspace\8-2-build-windows-amd64-cygwin\jdk8u25\1677\hotspot\src\share\vm\prims\jvm.cpp, line 1312]
Event: 1.327 Thread 0x0000000019781800 Exception <a 'java/security/PrivilegedActionException'> (0x00000000d7561e00) thrown at [D:\re\workspace\8-2-build-windows-amd64-cygwin\jdk8u25\1677\hotspot\src\share\vm\prims\jvm.cpp, line 1312]
Event: 1.327 Thread 0x0000000019781800 Exception <a 'java/security/PrivilegedActionException'> (0x00000000d7567e10) thrown at [D:\re\workspace\8-2-build-windows-amd64-cygwin\jdk8u25\1677\hotspot\src\share\vm\prims\jvm.cpp, line 1312]
Event: 1.335 Thread 0x0000000019781800 Exception <a 'java/security/PrivilegedActionException'> (0x00000000d75700f8) thrown at [D:\re\workspace\8-2-build-windows-amd64-cygwin\jdk8u25\1677\hotspot\src\share\vm\prims\jvm.cpp, line 1312]
Event: 2.101 Thread 0x0000000019781800 Exception <a 'java/security/PrivilegedActionException'> (0x00000000d7574b20) thrown at [D:\re\workspace\8-2-build-windows-amd64-cygwin\jdk8u25\1677\hotspot\src\share\vm\prims\jvm.cpp, line 1312]
Event: 2.102 Thread 0x0000000019781800 Exception <a 'java/security/PrivilegedActionException'> (0x00000000d7581320) thrown at [D:\re\workspace\8-2-build-windows-amd64-cygwin\jdk8u25\1677\hotspot\src\share\vm\prims\jvm.cpp, line 1312]
Event: 2.102 Thread 0x0000000019781800 Exception <a 'java/security/PrivilegedActionException'> (0x00000000d7587848) thrown at [D:\re\workspace\8-2-build-windows-amd64-cygwin\jdk8u25\1677\hotspot\src\share\vm\prims\jvm.cpp, line 1312]
Event: 3.380 Thread 0x0000000019781800 Implicit null exception at 0x000000000381a3ac to 0x000000000381ad49
Event: 3.397 Thread 0x0000000019781800 Implicit null exception at 0x0000000003811ac0 to 0x000000000381269d
Event: 15.037 Thread 0x0000000019781800 Implicit null exception at 0x0000000003893a4c to 0x0000000003895acd

Events (10 events):
Event: 16.187 Thread 0x0000000019781800 DEOPT PACKING pc=0x0000000003910194 sp=0x000000001b23ef20
Event: 16.187 Thread 0x0000000019781800 DEOPT UNPACKING pc=0x00000000034475bf sp=0x000000001b23ec50 mode 0
Event: 16.188 Thread 0x0000000019781800 DEOPT PACKING pc=0x000000000390fdf9 sp=0x000000001b23ef20
Event: 16.188 Thread 0x0000000019781800 DEOPT UNPACKING pc=0x00000000034475bf sp=0x000000001b23ec50 mode 0
Event: 16.188 Thread 0x0000000019781800 DEOPT PACKING pc=0x000000000390fdf9 sp=0x000000001b23ef20
Event: 16.188 Thread 0x0000000019781800 DEOPT UNPACKING pc=0x00000000034475bf sp=0x000000001b23ec50 mode 0
Event: 16.188 Thread 0x0000000019781800 DEOPT PACKING pc=0x000000000391003d sp=0x000000001b23ef20
Event: 16.188 Thread 0x0000000019781800 DEOPT UNPACKING pc=0x00000000034475bf sp=0x000000001b23ec50 mode 0
Event: 16.188 Thread 0x0000000019781800 DEOPT PACKING pc=0x0000000003910194 sp=0x000000001b23ef20
Event: 16.188 Thread 0x0000000019781800 DEOPT UNPACKING pc=0x00000000034475bf sp=0x000000001b23ec50 mode 0


Dynamic libraries:
0x00007ff787250000 - 0x00007ff787284000 	C:\Program Files\Java\jdk1.8.0_25\bin\java.exe
0x00007ffbffbc0000 - 0x00007ffbffd82000 	C:\WINDOWS\SYSTEM32\ntdll.dll
0x00007ffbfe2a0000 - 0x00007ffbfe34d000 	C:\WINDOWS\system32\KERNEL32.DLL
0x00007ffbfc9b0000 - 0x00007ffbfcb8d000 	C:\WINDOWS\system32\KERNELBASE.dll
0x00007ffbfd6a0000 - 0x00007ffbfd746000 	C:\WINDOWS\system32\ADVAPI32.dll
0x00007ffbffb10000 - 0x00007ffbffbad000 	C:\WINDOWS\system32\msvcrt.dll
0x00007ffbfd900000 - 0x00007ffbfd95b000 	C:\WINDOWS\system32\sechost.dll
0x00007ffbfd270000 - 0x00007ffbfd396000 	C:\WINDOWS\system32\RPCRT4.dll
0x00007ffbff9b0000 - 0x00007ffbffafe000 	C:\WINDOWS\system32\USER32.dll
0x00007ffbfd770000 - 0x00007ffbfd8f6000 	C:\WINDOWS\system32\GDI32.dll
0x00007ffbf7280000 - 0x00007ffbf74f4000 	C:\WINDOWS\WinSxS\amd64_microsoft.windows.common-controls_6595b64144ccf1df_6.0.10240.16384_none_f41f7b285750ef43\COMCTL32.dll
0x00007ffbfe0f0000 - 0x00007ffbfe126000 	C:\WINDOWS\system32\IMM32.DLL
0x00007ffbfdf90000 - 0x00007ffbfe0ec000 	C:\WINDOWS\system32\MSCTF.dll
0x000000005bb00000 - 0x000000005bbd2000 	C:\Program Files\Java\jdk1.8.0_25\jre\bin\msvcr100.dll
0x000000005bd80000 - 0x000000005c5da000 	C:\Program Files\Java\jdk1.8.0_25\jre\bin\server\jvm.dll
0x00007ffbffb00000 - 0x00007ffbffb08000 	C:\WINDOWS\system32\PSAPI.DLL
0x00007ffbf1a90000 - 0x00007ffbf1a99000 	C:\WINDOWS\SYSTEM32\WSOCK32.dll
0x00007ffbfa720000 - 0x00007ffbfa743000 	C:\WINDOWS\SYSTEM32\WINMM.dll
0x00007ffbfe350000 - 0x00007ffbfe3b9000 	C:\WINDOWS\system32\WS2_32.dll
0x00007ffbfa6f0000 - 0x00007ffbfa71c000 	C:\WINDOWS\SYSTEM32\WINMMBASE.dll
0x00007ffbffbb0000 - 0x00007ffbffbb8000 	C:\WINDOWS\system32\NSI.dll
0x00007ffbfc670000 - 0x00007ffbfc6b4000 	C:\WINDOWS\system32\cfgmgr32.dll
0x00007ffbfaf40000 - 0x00007ffbfaf67000 	C:\WINDOWS\SYSTEM32\DEVOBJ.dll
0x000000005cf10000 - 0x000000005cf1f000 	C:\Program Files\Java\jdk1.8.0_25\jre\bin\verify.dll
0x000000005cee0000 - 0x000000005cf08000 	C:\Program Files\Java\jdk1.8.0_25\jre\bin\java.dll
0x000000005cec0000 - 0x000000005ced6000 	C:\Program Files\Java\jdk1.8.0_25\jre\bin\zip.dll
0x00007ffbfe3c0000 - 0x00007ffbff8e2000 	C:\WINDOWS\system32\SHELL32.dll
0x00007ffbfcb90000 - 0x00007ffbfd1b8000 	C:\WINDOWS\system32\windows.storage.dll
0x00007ffbfdcb0000 - 0x00007ffbfdf2c000 	C:\WINDOWS\system32\combase.dll
0x00007ffbfdc40000 - 0x00007ffbfdc91000 	C:\WINDOWS\system32\shlwapi.dll
0x00007ffbfc660000 - 0x00007ffbfc66f000 	C:\WINDOWS\system32\kernel.appcore.dll
0x00007ffbfc8f0000 - 0x00007ffbfc9a3000 	C:\WINDOWS\system32\shcore.dll
0x00007ffbfc610000 - 0x00007ffbfc65a000 	C:\WINDOWS\system32\powrprof.dll
0x00007ffbfc5f0000 - 0x00007ffbfc603000 	C:\WINDOWS\system32\profapi.dll
0x00007ffbf62d0000 - 0x00007ffbf62df000 	C:\Program Files\Android\Android Studio1\bin\breakgen64.dll
0x000000005cea0000 - 0x000000005ceba000 	C:\Program Files\Java\jdk1.8.0_25\jre\bin\net.dll
0x00007ffbfbde0000 - 0x00007ffbfbe3d000 	C:\WINDOWS\system32\mswsock.dll
0x0000000065580000 - 0x0000000065616000 	C:\Users\DNS\AppData\Local\Temp\libgdxDNS\f78d4dc2\gdx64.dll
0x00007ffbfbe40000 - 0x00007ffbfbe57000 	C:\WINDOWS\SYSTEM32\CRYPTSP.dll
0x00007ffbfc500000 - 0x00007ffbfc528000 	C:\WINDOWS\SYSTEM32\bcrypt.dll
0x00007ffbfba90000 - 0x00007ffbfbac3000 	C:\WINDOWS\system32\rsaenh.dll
0x00007ffbfbb80000 - 0x00007ffbfbb9f000 	C:\WINDOWS\SYSTEM32\USERENV.dll
0x00007ffbfc3f0000 - 0x00007ffbfc45b000 	C:\WINDOWS\system32\bcryptprimitives.dll
0x00007ffbfc0d0000 - 0x00007ffbfc0db000 	C:\WINDOWS\SYSTEM32\CRYPTBASE.dll
0x00007ffbf84c0000 - 0x00007ffbf84f8000 	C:\WINDOWS\SYSTEM32\IPHLPAPI.DLL
0x00007ffbf8360000 - 0x00007ffbf836b000 	C:\WINDOWS\SYSTEM32\WINNSI.DLL
0x00007ffbf7d50000 - 0x00007ffbf7d66000 	C:\WINDOWS\SYSTEM32\dhcpcsvc6.DLL
0x00007ffbf7d30000 - 0x00007ffbf7d4a000 	C:\WINDOWS\SYSTEM32\dhcpcsvc.DLL
0x000000005ce80000 - 0x000000005ce91000 	C:\Program Files\Java\jdk1.8.0_25\jre\bin\nio.dll
0x0000000180000000 - 0x0000000180053000 	C:\Users\DNS\AppData\Local\Temp\libgdxDNS\dc0f0009\lwjgl64.dll
0x00007ffbf8e20000 - 0x00007ffbf8e2a000 	C:\WINDOWS\SYSTEM32\VERSION.dll
0x00007ffbdade0000 - 0x00007ffbdaf08000 	C:\WINDOWS\SYSTEM32\OPENGL32.dll
0x00007ffbf0ec0000 - 0x00007ffbf0eee000 	C:\WINDOWS\SYSTEM32\GLU32.dll
0x00007ffbd1a90000 - 0x00007ffbd1b86000 	C:\WINDOWS\SYSTEM32\DDRAW.dll
0x00007ffbf5520000 - 0x00007ffbf5528000 	C:\WINDOWS\SYSTEM32\DCIMAN32.dll
0x0000000001f30000 - 0x0000000001f94000 	C:\Users\DNS\AppData\Local\Temp\libgdxDNS\dc0f0009\OpenAL64.dll
0x00007ffbfd550000 - 0x00007ffbfd691000 	C:\WINDOWS\system32\ole32.dll
0x00007ffbfaea0000 - 0x00007ffbfaf36000 	C:\WINDOWS\system32\uxtheme.dll
0x00007ffbfdb90000 - 0x00007ffbfdc35000 	C:\WINDOWS\system32\clbcatq.dll
0x00007ffbfa4b0000 - 0x00007ffbfa633000 	C:\WINDOWS\System32\PROPSYS.dll
0x00007ffbff8f0000 - 0x00007ffbff9ae000 	C:\WINDOWS\system32\OLEAUT32.dll
0x00007ffbe3950000 - 0x00007ffbe39ec000 	C:\WINDOWS\SYSTEM32\dsound.dll
0x00007ffbf6c50000 - 0x00007ffbf6cc2000 	C:\WINDOWS\System32\MMDevApi.dll
0x00007ffbf43e0000 - 0x00007ffbf4465000 	C:\WINDOWS\SYSTEM32\AUDIOSES.DLL
0x00007ffbf7790000 - 0x00007ffbf78c1000 	C:\WINDOWS\SYSTEM32\wintypes.dll
0x00007ffbfa460000 - 0x00007ffbfa482000 	C:\WINDOWS\system32\dwmapi.dll
0x0000000059d20000 - 0x000000005bafc000 	C:\WINDOWS\SYSTEM32\nvoglv64.DLL
0x00007ffbfd960000 - 0x00007ffbfdb25000 	C:\WINDOWS\system32\SETUPAPI.dll
0x00007ffbf1800000 - 0x00007ffbf198a000 	C:\WINDOWS\SYSTEM32\dbghelp.dll
0x00007ffbfa640000 - 0x00007ffbfa653000 	C:\WINDOWS\SYSTEM32\WTSAPI32.dll
0x00007ffbfc890000 - 0x00007ffbfc8e4000 	C:\WINDOWS\system32\WINTRUST.dll
0x00007ffbfc5d0000 - 0x00007ffbfc5e1000 	C:\WINDOWS\system32\MSASN1.dll
0x00007ffbfc6c0000 - 0x00007ffbfc881000 	C:\WINDOWS\system32\CRYPT32.dll
0x00007ffbfb910000 - 0x00007ffbfb942000 	C:\WINDOWS\SYSTEM32\ntmarta.dll
0x00007ffbfc030000 - 0x00007ffbfc088000 	C:\WINDOWS\SYSTEM32\WINSTA.dll
0x00007ffbde140000 - 0x00007ffbde1d1000 	C:\WINDOWS\SYSTEM32\mscms.dll
0x00007ffbde0f0000 - 0x00007ffbde132000 	C:\WINDOWS\SYSTEM32\icm32.dll
0x0000000066bc0000 - 0x0000000066c7b000 	C:\Users\DNS\AppData\Local\Temp\libgdxDNS\26e814da\gdx-box2d64.dll

VM Arguments:
jvm_args: -Didea.launcher.port=7534 -Didea.launcher.bin.path=C:\Program Files\Android\Android Studio1\bin -Dfile.encoding=UTF-8 
java_command: com.intellij.rt.execution.application.AppMain com.denis.game.desktop.DesktopLauncher
java_class_path (initial): C:\Program Files\Java\jdk1.8.0_25\jre\lib\charsets.jar;C:\Program Files\Java\jdk1.8.0_25\jre\lib\deploy.jar;C:\Program Files\Java\jdk1.8.0_25\jre\lib\javaws.jar;C:\Program Files\Java\jdk1.8.0_25\jre\lib\jce.jar;C:\Program Files\Java\jdk1.8.0_25\jre\lib\jfr.jar;C:\Program Files\Java\jdk1.8.0_25\jre\lib\jfxswt.jar;C:\Program Files\Java\jdk1.8.0_25\jre\lib\jsse.jar;C:\Program Files\Java\jdk1.8.0_25\jre\lib\management-agent.jar;C:\Program Files\Java\jdk1.8.0_25\jre\lib\plugin.jar;C:\Program Files\Java\jdk1.8.0_25\jre\lib\resources.jar;C:\Program Files\Java\jdk1.8.0_25\jre\lib\rt.jar;C:\Program Files\Java\jdk1.8.0_25\jre\lib\ext\access-bridge-64.jar;C:\Program Files\Java\jdk1.8.0_25\jre\lib\ext\cldrdata.jar;C:\Program Files\Java\jdk1.8.0_25\jre\lib\ext\dnsns.jar;C:\Program Files\Java\jdk1.8.0_25\jre\lib\ext\jaccess.jar;C:\Program Files\Java\jdk1.8.0_25\jre\lib\ext\jfxrt.jar;C:\Program Files\Java\jdk1.8.0_25\jre\lib\ext\localedata.jar;C:\Program Files\Java\jdk1.8.0_25\jre\lib\ext\nashorn.jar;C:\Program Files\Java\jdk1.8.0_25\jre\lib\ext\sunec.jar;C:\Program Files\Java\jdk1.8.0_25\jre\lib\ext\sunjce_provider.jar;C:\Program Files\Java\jdk1.8.0_25\jre\lib\ext\sunmscapi.jar;C:\Program Files\Java\jdk1.8.0_25\jre\lib\ext\sunpkcs11.jar;C:\Program Files\Java\jdk1.8.0_25\jre\lib\ext\zipfs.jar;C:\Users\DNS\Desktop\MVC_game_v0.1\desktop\build\classes\main;C:\Users\DNS\Desktop\MVC_game_v0.1\core\build\classes\main;C:\Users\DNS\.gradle\caches\modules-2\files-2.1\com.badlogicgames.gdx\gdx\1.9.1\41e844a4849872fdb9c33f3f2790e356f907f491\gdx-1.9.1.jar;C:\Users\DNS\.gradle\caches\modules-2\files-2.1\com.badlogicgames.gdx\gdx-box2d\1.9.1\efc80b7e8a239404fdcb9816c9d3bad168e148c2\gdx-box2d-1.9.1.jar;C:\Users\DNS\.gradle\caches\modules-2\files-2.1\com.badlogicgames.gdx\gdx-controllers\1.9.1\37ec89fd7b1ef2deed3444ca94666f188e5b173d\gdx-controllers-1.9.1.jar;C:\Users\DNS\.gradle\caches\modules-2\files-2.1\com.badlogicgames.gdx\gdx-freetype\1.9.1\984e5fb95e17b03ae5884
Launcher Type: SUN_STANDARD

Environment Variables:
PATH=C:\ProgramData\Oracle\Java\javapath;C:\Program Files (x86)\Common Files\Intel\Shared Libraries\redist\intel64\compiler;C:\Program Files (x86)\ActiveState Komodo Edit 8\;C:\Program Files (x86)\Intel\iCLS Client\;C:\Program Files\Intel\iCLS Client\;C:\Program Files\Common Files\Microsoft Shared\Windows Live;C:\Program Files (x86)\Common Files\Microsoft Shared\Windows Live;C:\WINDOWS\system32;C:\WINDOWS;C:\WINDOWS\System32\Wbem;C:\WINDOWS\System32\WindowsPowerShell\v1.0\;C:\Program Files (x86)\Windows Live\Shared;C:\Program Files\Intel\Intel(R) Management Engine Components\DAL;C:\Program Files\Intel\Intel(R) Management Engine Components\IPT;C:\Program Files (x86)\Intel\Intel(R) Management Engine Components\DAL;C:\Program Files (x86)\Intel\Intel(R) Management Engine Components\IPT;C:\Program Files (x86)\IVI Foundation\VISA\WinNT\Bin;C:\FPC\2.6.0\bin\i386-Win32;;C:\FPC\2.6.2\bin\i386-Win32;C:\Program Files\nodejs\;C:\Program Files\Microsoft SQL Server\110\Tools\Binn\;C:\FPC\2.6.4\bin\i386-Win32;C:\Program Files (x86)\QuickTime\QTSystem\;C:\FPC\2.6.0\bin\i386-win32;C:\Program Files\Microsoft\Web Platform Installer\;C:\Program Files\IBM\SPSS\Statistics\22\JRE\bin;C:\Program Files (x86)\Brackets\command;C:\Program Files (x86)\NVIDIA Corporation\PhysX\Common;C:\Program Files (x86)\GtkSharp\2.12\bin;C:\Program Files (x86)\Skype\Phone\;C:\Python34
USERNAME=DNS
OS=Windows_NT
PROCESSOR_IDENTIFIER=Intel64 Family 6 Model 58 Stepping 9, GenuineIntel



---------------  S Y S T E M  ---------------

OS: Windows 8.1 , 64 bit Build 9600 

CPU:total 8 (4 cores per cpu, 2 threads per core) family 6 model 58 stepping 9, cmov, cx8, fxsr, mmx, sse, sse2, sse3, ssse3, sse4.1, sse4.2, popcnt, avx, aes, clmul, erms, ht, tsc, tscinvbit, tscinv

Memory: 4k page, physical 8348436k(2789304k free), swap 16737044k(8062132k free)

vm_info: Java HotSpot(TM) 64-Bit Server VM (25.25-b02) for windows-amd64 JRE (1.8.0_25-b18), built on Oct  7 2014 14:25:37 by "java_re" with MS VC++ 10.0 (VS2010)

time: Tue Apr 12 21:45:31 2016
elapsed time: 22 seconds (0d 0h 0m 22s)

