#
# A fatal error has been detected by the Java Runtime Environment:
#
#  EXCEPTION_ACCESS_VIOLATION (0xc0000005) at pc=0x0000000066be70b0, pid=5168, tid=13824
#
# JRE version: Java(TM) SE Runtime Environment (8.0_25-b18) (build 1.8.0_25-b18)
# Java VM: Java HotSpot(TM) 64-Bit Server VM (25.25-b02 mixed mode windows-amd64 compressed oops)
# Problematic frame:
# C  [gdx-box2d64.dll+0x270b0]
#
# Failed to write core dump. Minidumps are not enabled by default on client versions of Windows
#
# If you would like to submit a bug report, please visit:
#   http://bugreport.sun.com/bugreport/crash.jsp
# The crash happened outside the Java Virtual Machine in native code.
# See problematic frame for where to report the bug.
#

---------------  T H R E A D  ---------------

Current thread (0x000000001aaa0800):  JavaThread "LWJGL Application" [_thread_in_native, id=13824, stack(0x000000001b640000,0x000000001b740000)]

siginfo: ExceptionCode=0xc0000005, reading address 0x000000001b3240e4

Registers:
RAX=0x00000000d7215ca0, RBX=0x000000001b73f110, RCX=0x000000001aaa09e8, RDX=0x000000001b73f0c0
RSP=0x000000001b73f098, RBP=0x000000001b73f100, RSI=0x00000000d7215ca0, RDI=0x0000000021a3f9e0
R8 =0x000000001b3240e0, R9 =0x0000000000000000, R10=0x0000000003711e3b, R11=0x00000000d7215ca0
R12=0x0000000000000000, R13=0x000000000379b3cc, R14=0x000000001b73f108, R15=0x000000001aaa0800
RIP=0x0000000066be70b0, EFLAGS=0x0000000000010246

Top of Stack: (sp=0x000000001b73f098)
0x000000001b73f098:   0000000003711eb5 00000000d7215550
0x000000001b73f0a8:   00000000d7215550 00000000d725eb68
0x000000001b73f0b8:   000000001b73f0b8 00000000d7215ca0
0x000000001b73f0c8:   000000001b73f108 0000000017450c28
0x000000001b73f0d8:   0000000021a41120 0000000017450b40
0x000000001b73f0e8:   0000000000000000 000000001b73f110
0x000000001b73f0f8:   000000001b73f430 000000001b73f430
0x000000001b73f108:   000000000379b6dc 0000000017348280
0x000000001b73f118:   0000000000000000 000000001b73f138
0x000000001b73f128:   000000001b73f180 0000000003407a2d
0x000000001b73f138:   00000000d675d938 000000001b73f140
0x000000001b73f148:   0000000017439977 000000001b73f190
0x000000001b73f158:   000000001743fbe8 0000000000000000
0x000000001b73f168:   0000000003807e7c 0000000000000000
0x000000001b73f178:   000000001b73f190 000000001b73f1d8
0x000000001b73f188:   0000000003807a4a 00000000d7167d40 

Instructions: (pc=0x0000000066be70b0)
0x0000000066be7090:   41 0f b7 40 04 66 d1 e8 83 e0 01 c3 0f 1f 40 00
0x0000000066be70a0:   31 d2 45 84 c9 4c 89 c1 0f 95 c2 e9 60 8a ff ff
0x0000000066be70b0:   41 0f b7 40 04 66 c1 e8 05 83 e0 01 c3 0f 1f 00
0x0000000066be70c0:   31 d2 45 84 c9 4c 89 c1 0f 95 c2 e9 50 8b ff ff 


Register to memory mapping:

RAX=0x00000000d7215ca0 is an oop
com.badlogic.gdx.physics.box2d.Body 
 - klass: 'com/badlogic/gdx/physics/box2d/Body'
RBX=0x000000001b73f110 is pointing into the stack for thread: 0x000000001aaa0800
RCX=0x000000001aaa09e8 is an unknown value
RDX=0x000000001b73f0c0 is pointing into the stack for thread: 0x000000001aaa0800
RSP=0x000000001b73f098 is pointing into the stack for thread: 0x000000001aaa0800
RBP=0x000000001b73f100 is pointing into the stack for thread: 0x000000001aaa0800
RSI=0x00000000d7215ca0 is an oop
com.badlogic.gdx.physics.box2d.Body 
 - klass: 'com/badlogic/gdx/physics/box2d/Body'
RDI=0x0000000021a3f9e0 is pointing into metadata
R8 =0x000000001b3240e0 is an unknown value
R9 =0x0000000000000000 is an unknown value
R10=0x0000000003711e3b is at entry_point+59 in (nmethod*)0x0000000003711c90
R11=0x00000000d7215ca0 is an oop
com.badlogic.gdx.physics.box2d.Body 
 - klass: 'com/badlogic/gdx/physics/box2d/Body'
R12=0x0000000000000000 is an unknown value
R13=0x000000000379b3cc is at entry_point+1164 in (nmethod*)0x000000000379ab90
R14=0x000000001b73f108 is pointing into the stack for thread: 0x000000001aaa0800
R15=0x000000001aaa0800 is a thread


Stack: [0x000000001b640000,0x000000001b740000],  sp=0x000000001b73f098,  free space=1020k
Native frames: (J=compiled Java code, j=interpreted, Vv=VM code, C=native code)
C  [gdx-box2d64.dll+0x270b0]
C  0x0000000003711eb5

Java frames: (J=compiled Java code, j=interpreted, Vv=VM code)
J 726  com.badlogic.gdx.physics.box2d.Body.jniIsActive(J)Z (0 bytes) @ 0x0000000003711e3b [0x0000000003711e00+0x3b]
J 943 C1 com.badlogic.gdx.physics.box2d.Box2DDebugRenderer.renderBodies(Lcom/badlogic/gdx/physics/box2d/World;)V (194 bytes) @ 0x000000000379b6dc [0x000000000379af40+0x79c]
J 1125 C1 com.denis.game.view.PlayScreen.render(F)V (123 bytes) @ 0x000000000382825c [0x0000000003827560+0xcfc]
J 1122 C1 com.denis.game.Main.render()V (5 bytes) @ 0x0000000003826544 [0x0000000003826320+0x224]
j  com.badlogic.gdx.backends.lwjgl.LwjglApplication.mainLoop()V+698
j  com.badlogic.gdx.backends.lwjgl.LwjglApplication$1.run()V+27
v  ~StubRoutines::call_stub

---------------  P R O C E S S  ---------------

Java Threads: ( => current thread )
  0x000000001ad42000 JavaThread "LWJGL Timer" daemon [_thread_blocked, id=13980, stack(0x0000000021c30000,0x0000000021d30000)]
  0x000000001acc1000 JavaThread "AsynchExecutor-Thread" daemon [_thread_blocked, id=14944, stack(0x0000000021730000,0x0000000021830000)]
  0x0000000001204000 JavaThread "DestroyJavaVM" [_thread_blocked, id=14332, stack(0x0000000001100000,0x0000000001200000)]
=>0x000000001aaa0800 JavaThread "LWJGL Application" [_thread_in_native, id=13824, stack(0x000000001b640000,0x000000001b740000)]
  0x000000001997e000 JavaThread "Monitor Ctrl-Break" daemon [_thread_in_native, id=15104, stack(0x000000001a370000,0x000000001a470000)]
  0x000000001982b000 JavaThread "Service Thread" daemon [_thread_blocked, id=2200, stack(0x000000001a170000,0x000000001a270000)]
  0x00000000177be000 JavaThread "C1 CompilerThread3" daemon [_thread_blocked, id=15040, stack(0x000000001a070000,0x000000001a170000)]
  0x00000000177b9000 JavaThread "C2 CompilerThread2" daemon [_thread_blocked, id=2932, stack(0x0000000019f70000,0x000000001a070000)]
  0x00000000197a5800 JavaThread "C2 CompilerThread1" daemon [_thread_blocked, id=4780, stack(0x0000000019e70000,0x0000000019f70000)]
  0x00000000197a3000 JavaThread "C2 CompilerThread0" daemon [_thread_blocked, id=12704, stack(0x0000000019d70000,0x0000000019e70000)]
  0x00000000197a1800 JavaThread "Attach Listener" daemon [_thread_blocked, id=4744, stack(0x0000000019c70000,0x0000000019d70000)]
  0x00000000197a0800 JavaThread "Signal Dispatcher" daemon [_thread_blocked, id=13988, stack(0x0000000019b70000,0x0000000019c70000)]
  0x00000000012fb800 JavaThread "Finalizer" daemon [_thread_blocked, id=11656, stack(0x0000000019670000,0x0000000019770000)]
  0x00000000177ac800 JavaThread "Reference Handler" daemon [_thread_blocked, id=3976, stack(0x0000000019570000,0x0000000019670000)]

Other Threads:
  0x00000000177a8000 VMThread [stack: 0x0000000019470000,0x0000000019570000] [id=14268]
  0x000000001982e000 WatcherThread [stack: 0x000000001a270000,0x000000001a370000] [id=8876]

VM state:not at safepoint (normal execution)

VM Mutex/Monitor currently owned by a thread: None

Heap:
 PSYoungGen      total 38400K, used 27513K [0x00000000d5800000, 0x00000000d8280000, 0x0000000100000000)
  eden space 33280K, 82% used [0x00000000d5800000,0x00000000d72de7f8,0x00000000d7880000)
  from space 5120K, 0% used [0x00000000d7d80000,0x00000000d7d80000,0x00000000d8280000)
  to   space 5120K, 0% used [0x00000000d7880000,0x00000000d7880000,0x00000000d7d80000)
 ParOldGen       total 87552K, used 0K [0x0000000080800000, 0x0000000085d80000, 0x00000000d5800000)
  object space 87552K, 0% used [0x0000000080800000,0x0000000080800000,0x0000000085d80000)
 Metaspace       used 9318K, capacity 9405K, committed 9728K, reserved 1058816K
  class space    used 892K, capacity 946K, committed 1024K, reserved 1048576K

Card table byte_map: [0x00000000016c0000,0x0000000001ac0000] byte_map_base: 0x00000000012bc000

Marking Bits: (ParMarkBitMap*) 0x0000000059ced490
 Begin Bits: [0x0000000012a00000, 0x00000000149e0000)
 End Bits:   [0x00000000149e0000, 0x00000000169c0000)

Polling page: 0x0000000000c40000

CodeCache: size=245760Kb used=4253Kb max_used=4253Kb free=241506Kb
 bounds [0x0000000003400000, 0x0000000003830000, 0x0000000012400000]
 total_blobs=1641 nmethods=1127 adapters=428
 compilation: enabled

Compilation events (10 events):
Event: 9.724 Thread 0x00000000177be000 1123       3       com.badlogic.gdx.Game::render (25 bytes)
Event: 9.725 Thread 0x00000000177be000 nmethod 1123 0x0000000003826810 code [0x0000000003826980, 0x0000000003826c88]
Event: 9.725 Thread 0x00000000177be000 1124       3       com.badlogic.gdx.backends.lwjgl.LwjglGraphics::getDeltaTime (5 bytes)
Event: 9.725 Thread 0x00000000177be000 nmethod 1124 0x0000000003826dd0 code [0x0000000003826f20, 0x0000000003827070]
Event: 9.725 Thread 0x00000000177be000 1125       3       com.denis.game.view.PlayScreen::render (123 bytes)
Event: 9.726 Thread 0x00000000177be000 nmethod 1125 0x0000000003827110 code [0x0000000003827560, 0x0000000003829388]
Event: 9.822 Thread 0x00000000177be000 1126       3       com.badlogic.gdx.physics.box2d.World::postSolve (41 bytes)
Event: 9.822 Thread 0x00000000177be000 nmethod 1126 0x000000000382aa90 code [0x000000000382ac00, 0x000000000382ae50]
Event: 9.822 Thread 0x00000000177be000 1127       3       com.denis.game.controller.WorldContactListener::postSolve (1 bytes)
Event: 9.822 Thread 0x00000000177be000 nmethod 1127 0x000000000382afd0 code [0x000000000382b120, 0x000000000382b270]

GC Heap History (0 events):
No events

Deoptimization events (2 events):
Event: 0.942 Thread 0x000000001aaa0800 Uncommon trap: reason=unreached action=reinterpret pc=0x000000000365c3a0 method=com.badlogic.gdx.assets.AssetLoadingTask.update()Z @ 35
Event: 9.822 Thread 0x000000001aaa0800 Uncommon trap: reason=unreached action=reinterpret pc=0x00000000037acb58 method=com.badlogic.gdx.utils.Array$ArrayIterable.iterator()Ljava/util/Iterator; @ 4

Internal exceptions (10 events):
Event: 1.196 Thread 0x000000001aaa0800 Exception <a 'java/security/PrivilegedActionException'> (0x00000000d72660a8) thrown at [D:\re\workspace\8-2-build-windows-amd64-cygwin\jdk8u25\1677\hotspot\src\share\vm\prims\jvm.cpp, line 1312]
Event: 1.198 Thread 0x000000001aaa0800 Exception <a 'java/security/PrivilegedActionException'> (0x00000000d726da68) thrown at [D:\re\workspace\8-2-build-windows-amd64-cygwin\jdk8u25\1677\hotspot\src\share\vm\prims\jvm.cpp, line 1312]
Event: 1.200 Thread 0x000000001aaa0800 Exception <a 'java/security/PrivilegedActionException'> (0x00000000d72764c0) thrown at [D:\re\workspace\8-2-build-windows-amd64-cygwin\jdk8u25\1677\hotspot\src\share\vm\prims\jvm.cpp, line 1312]
Event: 1.200 Thread 0x000000001aaa0800 Exception <a 'java/security/PrivilegedActionException'> (0x00000000d727c538) thrown at [D:\re\workspace\8-2-build-windows-amd64-cygwin\jdk8u25\1677\hotspot\src\share\vm\prims\jvm.cpp, line 1312]
Event: 1.200 Thread 0x000000001aaa0800 Exception <a 'java/security/PrivilegedActionException'> (0x00000000d7282a68) thrown at [D:\re\workspace\8-2-build-windows-amd64-cygwin\jdk8u25\1677\hotspot\src\share\vm\prims\jvm.cpp, line 1312]
Event: 2.355 Thread 0x000000001aaa0800 Exception <a 'java/security/PrivilegedActionException'> (0x00000000d72898a0) thrown at [D:\re\workspace\8-2-build-windows-amd64-cygwin\jdk8u25\1677\hotspot\src\share\vm\prims\jvm.cpp, line 1312]
Event: 2.356 Thread 0x000000001aaa0800 Exception <a 'java/security/PrivilegedActionException'> (0x00000000d72960a0) thrown at [D:\re\workspace\8-2-build-windows-amd64-cygwin\jdk8u25\1677\hotspot\src\share\vm\prims\jvm.cpp, line 1312]
Event: 2.356 Thread 0x000000001aaa0800 Exception <a 'java/security/PrivilegedActionException'> (0x00000000d729c758) thrown at [D:\re\workspace\8-2-build-windows-amd64-cygwin\jdk8u25\1677\hotspot\src\share\vm\prims\jvm.cpp, line 1312]
Event: 9.822 Thread 0x000000001aaa0800 Implicit null exception at 0x00000000037acaf0 to 0x00000000037acb45
Event: 9.824 Thread 0x000000001aaa0800 Exception <a 'java/security/PrivilegedActionException'> (0x00000000d72a7458) thrown at [D:\re\workspace\8-2-build-windows-amd64-cygwin\jdk8u25\1677\hotspot\src\share\vm\prims\jvm.cpp, line 1312]

Events (10 events):
Event: 2.356 loading class com/badlogic/gdx/graphics/g2d/Animation$1 done
Event: 3.174 Thread 0x000000001aaa0800 DEOPT PACKING pc=0x00000000037713d3 sp=0x000000001b73f190
Event: 3.174 Thread 0x000000001aaa0800 DEOPT UNPACKING pc=0x00000000034475bf sp=0x000000001b73ee50 mode 0
Event: 4.099 Executing VM operation: EnableBiasedLocking
Event: 4.099 Executing VM operation: EnableBiasedLocking done
Event: 9.822 Thread 0x000000001aaa0800 Uncommon trap: trap_request=0xffffffad fr.pc=0x00000000037acb58
Event: 9.822 Thread 0x000000001aaa0800 DEOPT PACKING pc=0x00000000037acb58 sp=0x000000001b73f010
Event: 9.822 Thread 0x000000001aaa0800 DEOPT UNPACKING pc=0x000000000344556a sp=0x000000001b73efb0 mode 2
Event: 9.824 loading class com/badlogic/gdx/scenes/scene2d/InputEvent$Type
Event: 9.824 loading class com/badlogic/gdx/scenes/scene2d/InputEvent$Type done


Dynamic libraries:
0x00007ff6487f0000 - 0x00007ff648824000 	C:\Program Files\Java\jdk1.8.0_25\bin\java.exe
0x00007ffba8c90000 - 0x00007ffba8e51000 	C:\WINDOWS\SYSTEM32\ntdll.dll
0x00007ffba6550000 - 0x00007ffba65fd000 	C:\WINDOWS\system32\KERNEL32.DLL
0x00007ffba5b30000 - 0x00007ffba5d0d000 	C:\WINDOWS\system32\KERNELBASE.dll
0x00007ffba8610000 - 0x00007ffba86b6000 	C:\WINDOWS\system32\ADVAPI32.dll
0x00007ffba6860000 - 0x00007ffba68fd000 	C:\WINDOWS\system32\msvcrt.dll
0x00007ffba83e0000 - 0x00007ffba843b000 	C:\WINDOWS\system32\sechost.dll
0x00007ffba86c0000 - 0x00007ffba87e6000 	C:\WINDOWS\system32\RPCRT4.dll
0x00007ffba6630000 - 0x00007ffba677e000 	C:\WINDOWS\system32\USER32.dll
0x00007ffba6d20000 - 0x00007ffba6ea6000 	C:\WINDOWS\system32\GDI32.dll
0x00007ffba2aa0000 - 0x00007ffba2d14000 	C:\WINDOWS\WinSxS\amd64_microsoft.windows.common-controls_6595b64144ccf1df_6.0.10240.16384_none_f41f7b285750ef43\COMCTL32.dll
0x00007ffba6340000 - 0x00007ffba6376000 	C:\WINDOWS\system32\IMM32.DLL
0x00007ffba6b00000 - 0x00007ffba6c5c000 	C:\WINDOWS\system32\MSCTF.dll
0x0000000059140000 - 0x0000000059212000 	C:\Program Files\Java\jdk1.8.0_25\jre\bin\msvcr100.dll
0x0000000059510000 - 0x0000000059d6a000 	C:\Program Files\Java\jdk1.8.0_25\jre\bin\server\jvm.dll
0x00007ffba6850000 - 0x00007ffba6858000 	C:\WINDOWS\system32\PSAPI.DLL
0x00007ffb9a590000 - 0x00007ffb9a599000 	C:\WINDOWS\SYSTEM32\WSOCK32.dll
0x00007ffba37f0000 - 0x00007ffba3813000 	C:\WINDOWS\SYSTEM32\WINMM.dll
0x00007ffba8a70000 - 0x00007ffba8ad9000 	C:\WINDOWS\system32\WS2_32.dll
0x00007ffba6620000 - 0x00007ffba6628000 	C:\WINDOWS\system32\NSI.dll
0x00007ffba37c0000 - 0x00007ffba37ec000 	C:\WINDOWS\SYSTEM32\WINMMBASE.dll
0x00007ffba5740000 - 0x00007ffba5784000 	C:\WINDOWS\system32\cfgmgr32.dll
0x00007ffba3f70000 - 0x00007ffba3f97000 	C:\WINDOWS\SYSTEM32\DEVOBJ.dll
0x0000000059f30000 - 0x0000000059f3f000 	C:\Program Files\Java\jdk1.8.0_25\jre\bin\verify.dll
0x0000000059f00000 - 0x0000000059f28000 	C:\Program Files\Java\jdk1.8.0_25\jre\bin\java.dll
0x0000000059ee0000 - 0x0000000059ef6000 	C:\Program Files\Java\jdk1.8.0_25\jre\bin\zip.dll
0x00007ffba6eb0000 - 0x00007ffba83d2000 	C:\WINDOWS\system32\SHELL32.dll
0x00007ffba5d10000 - 0x00007ffba6338000 	C:\WINDOWS\system32\windows.storage.dll
0x00007ffba87f0000 - 0x00007ffba8a6c000 	C:\WINDOWS\system32\combase.dll
0x00007ffba8c30000 - 0x00007ffba8c81000 	C:\WINDOWS\system32\shlwapi.dll
0x00007ffba56e0000 - 0x00007ffba56ef000 	C:\WINDOWS\system32\kernel.appcore.dll
0x00007ffba5840000 - 0x00007ffba58f3000 	C:\WINDOWS\system32\shcore.dll
0x00007ffba56f0000 - 0x00007ffba573a000 	C:\WINDOWS\system32\powrprof.dll
0x00007ffba56c0000 - 0x00007ffba56d3000 	C:\WINDOWS\system32\profapi.dll
0x00007ffb9cda0000 - 0x00007ffb9cdaf000 	C:\Program Files\Android\Android Studio1\bin\breakgen64.dll
0x0000000059ec0000 - 0x0000000059eda000 	C:\Program Files\Java\jdk1.8.0_25\jre\bin\net.dll
0x00007ffba4f10000 - 0x00007ffba4f6d000 	C:\WINDOWS\system32\mswsock.dll
0x0000000065580000 - 0x0000000065616000 	C:\Users\DNS\AppData\Local\Temp\libgdxDNS\f78d4dc2\gdx64.dll
0x00007ffba4f70000 - 0x00007ffba4f87000 	C:\WINDOWS\SYSTEM32\CRYPTSP.dll
0x00007ffba55d0000 - 0x00007ffba55f8000 	C:\WINDOWS\SYSTEM32\bcrypt.dll
0x00007ffba4bc0000 - 0x00007ffba4bf3000 	C:\WINDOWS\system32\rsaenh.dll
0x00007ffba4cb0000 - 0x00007ffba4ccf000 	C:\WINDOWS\SYSTEM32\USERENV.dll
0x00007ffba54c0000 - 0x00007ffba552b000 	C:\WINDOWS\system32\bcryptprimitives.dll
0x00007ffba50e0000 - 0x00007ffba50eb000 	C:\WINDOWS\SYSTEM32\CRYPTBASE.dll
0x00007ffba1630000 - 0x00007ffba1668000 	C:\WINDOWS\SYSTEM32\IPHLPAPI.DLL
0x00007ffba14d0000 - 0x00007ffba14db000 	C:\WINDOWS\SYSTEM32\WINNSI.DLL
0x00007ffb9fde0000 - 0x00007ffb9fdf6000 	C:\WINDOWS\SYSTEM32\dhcpcsvc6.DLL
0x00007ffb9fdc0000 - 0x00007ffb9fdda000 	C:\WINDOWS\SYSTEM32\dhcpcsvc.DLL
0x0000000059ea0000 - 0x0000000059eb1000 	C:\Program Files\Java\jdk1.8.0_25\jre\bin\nio.dll
0x0000000180000000 - 0x0000000180053000 	C:\Users\DNS\AppData\Local\Temp\libgdxDNS\dc0f0009\lwjgl64.dll
0x00007ffba2a90000 - 0x00007ffba2a9a000 	C:\WINDOWS\SYSTEM32\VERSION.dll
0x00007ffb89ee0000 - 0x00007ffb8a008000 	C:\WINDOWS\SYSTEM32\OPENGL32.dll
0x00007ffb98ce0000 - 0x00007ffb98d0e000 	C:\WINDOWS\SYSTEM32\GLU32.dll
0x00007ffb82ce0000 - 0x00007ffb82dd6000 	C:\WINDOWS\SYSTEM32\DDRAW.dll
0x00007ffb9ad00000 - 0x00007ffb9ad08000 	C:\WINDOWS\SYSTEM32\DCIMAN32.dll
0x000000001a470000 - 0x000000001a4d4000 	C:\Users\DNS\AppData\Local\Temp\libgdxDNS\dc0f0009\OpenAL64.dll
0x00007ffba8ae0000 - 0x00007ffba8c21000 	C:\WINDOWS\system32\ole32.dll
0x00007ffba4090000 - 0x00007ffba4126000 	C:\WINDOWS\system32\uxtheme.dll
0x00007ffba6a50000 - 0x00007ffba6af5000 	C:\WINDOWS\system32\clbcatq.dll
0x00007ffba3580000 - 0x00007ffba3703000 	C:\WINDOWS\System32\PROPSYS.dll
0x00007ffba6780000 - 0x00007ffba683e000 	C:\WINDOWS\system32\OLEAUT32.dll
0x00007ffb89e40000 - 0x00007ffb89edc000 	C:\WINDOWS\SYSTEM32\dsound.dll
0x00007ffba21d0000 - 0x00007ffba2242000 	C:\WINDOWS\System32\MMDevApi.dll
0x00007ffb9e430000 - 0x00007ffb9e4b5000 	C:\WINDOWS\SYSTEM32\AUDIOSES.DLL
0x00007ffba2db0000 - 0x00007ffba2ee1000 	C:\WINDOWS\SYSTEM32\wintypes.dll
0x00007ffba3530000 - 0x00007ffba3552000 	C:\WINDOWS\system32\dwmapi.dll
0x0000000057360000 - 0x000000005913c000 	C:\WINDOWS\SYSTEM32\nvoglv64.DLL
0x00007ffba6380000 - 0x00007ffba6545000 	C:\WINDOWS\system32\SETUPAPI.dll
0x00007ffba3710000 - 0x00007ffba3723000 	C:\WINDOWS\SYSTEM32\WTSAPI32.dll
0x00007ffb9fff0000 - 0x00007ffba017a000 	C:\WINDOWS\SYSTEM32\dbghelp.dll
0x00007ffba5900000 - 0x00007ffba5954000 	C:\WINDOWS\system32\WINTRUST.dll
0x00007ffba56a0000 - 0x00007ffba56b1000 	C:\WINDOWS\system32\MSASN1.dll
0x00007ffba5960000 - 0x00007ffba5b21000 	C:\WINDOWS\system32\CRYPT32.dll
0x00007ffba4a40000 - 0x00007ffba4a72000 	C:\WINDOWS\SYSTEM32\ntmarta.dll
0x00007ffba4840000 - 0x00007ffba4898000 	C:\WINDOWS\SYSTEM32\WINSTA.dll
0x00007ffb9e990000 - 0x00007ffb9ea21000 	C:\WINDOWS\SYSTEM32\mscms.dll
0x00007ffb86cd0000 - 0x00007ffb86d12000 	C:\WINDOWS\SYSTEM32\icm32.dll
0x0000000066bc0000 - 0x0000000066c7b000 	C:\Users\DNS\AppData\Local\Temp\libgdxDNS\26e814da\gdx-box2d64.dll

VM Arguments:
jvm_args: -Didea.launcher.port=7537 -Didea.launcher.bin.path=C:\Program Files\Android\Android Studio1\bin -Dfile.encoding=UTF-8 
java_command: com.intellij.rt.execution.application.AppMain com.denis.game.desktop.DesktopLauncher
java_class_path (initial): C:\Program Files\Java\jdk1.8.0_25\jre\lib\charsets.jar;C:\Program Files\Java\jdk1.8.0_25\jre\lib\deploy.jar;C:\Program Files\Java\jdk1.8.0_25\jre\lib\javaws.jar;C:\Program Files\Java\jdk1.8.0_25\jre\lib\jce.jar;C:\Program Files\Java\jdk1.8.0_25\jre\lib\jfr.jar;C:\Program Files\Java\jdk1.8.0_25\jre\lib\jfxswt.jar;C:\Program Files\Java\jdk1.8.0_25\jre\lib\jsse.jar;C:\Program Files\Java\jdk1.8.0_25\jre\lib\management-agent.jar;C:\Program Files\Java\jdk1.8.0_25\jre\lib\plugin.jar;C:\Program Files\Java\jdk1.8.0_25\jre\lib\resources.jar;C:\Program Files\Java\jdk1.8.0_25\jre\lib\rt.jar;C:\Program Files\Java\jdk1.8.0_25\jre\lib\ext\access-bridge-64.jar;C:\Program Files\Java\jdk1.8.0_25\jre\lib\ext\cldrdata.jar;C:\Program Files\Java\jdk1.8.0_25\jre\lib\ext\dnsns.jar;C:\Program Files\Java\jdk1.8.0_25\jre\lib\ext\jaccess.jar;C:\Program Files\Java\jdk1.8.0_25\jre\lib\ext\jfxrt.jar;C:\Program Files\Java\jdk1.8.0_25\jre\lib\ext\localedata.jar;C:\Program Files\Java\jdk1.8.0_25\jre\lib\ext\nashorn.jar;C:\Program Files\Java\jdk1.8.0_25\jre\lib\ext\sunec.jar;C:\Program Files\Java\jdk1.8.0_25\jre\lib\ext\sunjce_provider.jar;C:\Program Files\Java\jdk1.8.0_25\jre\lib\ext\sunmscapi.jar;C:\Program Files\Java\jdk1.8.0_25\jre\lib\ext\sunpkcs11.jar;C:\Program Files\Java\jdk1.8.0_25\jre\lib\ext\zipfs.jar;C:\Users\DNS\Desktop\MVC_game_v0.1\desktop\build\classes\main;C:\Users\DNS\Desktop\MVC_game_v0.1\core\build\classes\main;C:\Users\DNS\.gradle\caches\modules-2\files-2.1\com.badlogicgames.gdx\gdx\1.9.1\41e844a4849872fdb9c33f3f2790e356f907f491\gdx-1.9.1.jar;C:\Users\DNS\.gradle\caches\modules-2\files-2.1\com.badlogicgames.gdx\gdx-box2d\1.9.1\efc80b7e8a239404fdcb9816c9d3bad168e148c2\gdx-box2d-1.9.1.jar;C:\Users\DNS\.gradle\caches\modules-2\files-2.1\com.badlogicgames.gdx\gdx-controllers\1.9.1\37ec89fd7b1ef2deed3444ca94666f188e5b173d\gdx-controllers-1.9.1.jar;C:\Users\DNS\.gradle\caches\modules-2\files-2.1\com.badlogicgames.gdx\gdx-freetype\1.9.1\984e5fb95e17b03ae5884
Launcher Type: SUN_STANDARD

Environment Variables:
PATH=C:\ProgramData\Oracle\Java\javapath;C:\Program Files (x86)\Common Files\Intel\Shared Libraries\redist\intel64\compiler;C:\Program Files (x86)\ActiveState Komodo Edit 8\;C:\Program Files (x86)\Intel\iCLS Client\;C:\Program Files\Intel\iCLS Client\;C:\Program Files\Common Files\Microsoft Shared\Windows Live;C:\Program Files (x86)\Common Files\Microsoft Shared\Windows Live;C:\WINDOWS\system32;C:\WINDOWS;C:\WINDOWS\System32\Wbem;C:\WINDOWS\System32\WindowsPowerShell\v1.0\;C:\Program Files (x86)\Windows Live\Shared;C:\Program Files\Intel\Intel(R) Management Engine Components\DAL;C:\Program Files\Intel\Intel(R) Management Engine Components\IPT;C:\Program Files (x86)\Intel\Intel(R) Management Engine Components\DAL;C:\Program Files (x86)\Intel\Intel(R) Management Engine Components\IPT;C:\Program Files (x86)\IVI Foundation\VISA\WinNT\Bin;C:\FPC\2.6.0\bin\i386-Win32;;C:\FPC\2.6.2\bin\i386-Win32;C:\Program Files\nodejs\;C:\Program Files\Microsoft SQL Server\110\Tools\Binn\;C:\FPC\2.6.4\bin\i386-Win32;C:\Program Files (x86)\QuickTime\QTSystem\;C:\FPC\2.6.0\bin\i386-win32;C:\Program Files\Microsoft\Web Platform Installer\;C:\Program Files\IBM\SPSS\Statistics\22\JRE\bin;C:\Program Files (x86)\Brackets\command;C:\Program Files (x86)\NVIDIA Corporation\PhysX\Common;C:\Program Files (x86)\GtkSharp\2.12\bin;C:\Program Files (x86)\Skype\Phone\;C:\Python34
USERNAME=DNS
OS=Windows_NT
PROCESSOR_IDENTIFIER=Intel64 Family 6 Model 58 Stepping 9, GenuineIntel



---------------  S Y S T E M  ---------------

OS: Windows 8.1 , 64 bit Build 9600 

CPU:total 8 (4 cores per cpu, 2 threads per core) family 6 model 58 stepping 9, cmov, cx8, fxsr, mmx, sse, sse2, sse3, ssse3, sse4.1, sse4.2, popcnt, avx, aes, clmul, erms, ht, tsc, tscinvbit, tscinv

Memory: 4k page, physical 8348436k(3358076k free), swap 16737044k(9388652k free)

vm_info: Java HotSpot(TM) 64-Bit Server VM (25.25-b02) for windows-amd64 JRE (1.8.0_25-b18), built on Oct  7 2014 14:25:37 by "java_re" with MS VC++ 10.0 (VS2010)

time: Mon Feb 08 22:27:47 2016
elapsed time: 9 seconds (0d 0h 0m 9s)

