#
# A fatal error has been detected by the Java Runtime Environment:
#
#  EXCEPTION_ACCESS_VIOLATION (0xc0000005) at pc=0x0000000066bcbd0d, pid=84396, tid=83496
#
# JRE version: Java(TM) SE Runtime Environment (8.0_25-b18) (build 1.8.0_25-b18)
# Java VM: Java HotSpot(TM) 64-Bit Server VM (25.25-b02 mixed mode windows-amd64 compressed oops)
# Problematic frame:
# C  [gdx-box2d64.dll+0xbd0d]
#
# Failed to write core dump. Minidumps are not enabled by default on client versions of Windows
#
# If you would like to submit a bug report, please visit:
#   http://bugreport.sun.com/bugreport/crash.jsp
# The crash happened outside the Java Virtual Machine in native code.
# See problematic frame for where to report the bug.
#

---------------  T H R E A D  ---------------

Current thread (0x000000001a69f000):  JavaThread "LWJGL Application" [_thread_in_native, id=83496, stack(0x000000001b3b0000,0x000000001b4b0000)]

siginfo: ExceptionCode=0xc0000005, reading address 0x000000021b148fc0

Registers:
RAX=0x000000021b148fc0, RBX=0x000000001b0e2940, RCX=0x000000001b0e2910, RDX=0x00000000000000b8
RSP=0x000000001b4aeba0, RBP=0x0000000000000006, RSI=0x000000001b0e2910, RDI=0x000000001b4aec60
R8 =0x000000001b0e2910, R9 =0x0000000000000002, R10=0x0000000000000000, R11=0x0000000000000001
R12=0x0000000000000000, R13=0x0000000021795d38, R14=0x000000001b4aee48, R15=0x000000001a69f000
RIP=0x0000000066bcbd0d, EFLAGS=0x0000000000010206

Top of Stack: (sp=0x000000001b4aeba0)
0x000000001b4aeba0:   0000000021795d38 000000001a69f000
0x000000001b4aebb0:   000000005e89bfa8 000000001a879cb0
0x000000001b4aebc0:   0000000000000012 000000001b0e2910
0x000000001b4aebd0:   0000000016ac0488 000000001b4aec60
0x000000001b4aebe0:   000000001b4aeda0 0000000000000000
0x000000001b4aebf0:   0000000021795d38 0000000066be2483
0x000000001b4aec00:   000000001b4aeca0 000000001b4aeca0
0x000000001b4aec10:   0000000000000003 0000000021795d38
0x000000001b4aec20:   0000000000000001 0000000016ac0488
0x000000001b4aec30:   0000000003407200 0000000066be8616
0x000000001b4aec40:   0000000000000000 0000000003407200
0x000000001b4aec50:   000000001b4aeda0 00000000034054d8
0x000000001b4aec60:   405b1cc500000002 000000003ff7e90a
0x000000001b4aec70:   0000000000000000 0000000000000000
0x000000001b4aec80:   0000010100000000 000000001b4aee01
0x000000001b4aec90:   0000000000000000 000000003f800000 

Instructions: (pc=0x0000000066bcbd0d)
0x0000000066bcbced:   48 8d 05 6c a3 05 00 0f b6 1c 18 80 fb 0d 0f b6
0x0000000066bcbcfd:   eb 77 21 48 8d 1c de 48 8b 43 10 48 85 c0 74 3a
0x0000000066bcbd0d:   48 8b 10 48 89 53 10 48 83 c4 28 5b 5e 5f 5d 41
0x0000000066bcbd1d:   5c 41 5d c3 48 8d 15 18 9e 04 00 48 8d 0d 99 9e 


Register to memory mapping:

RAX=0x000000021b148fc0 is an unknown value
RBX=0x000000001b0e2940 is an unknown value
RCX=0x000000001b0e2910 is an unknown value
RDX=0x00000000000000b8 is an unknown value
RSP=0x000000001b4aeba0 is pointing into the stack for thread: 0x000000001a69f000
RBP=0x0000000000000006 is an unknown value
RSI=0x000000001b0e2910 is an unknown value
RDI=0x000000001b4aec60 is pointing into the stack for thread: 0x000000001a69f000
R8 =0x000000001b0e2910 is an unknown value
R9 =0x0000000000000002 is an unknown value
R10=0x0000000000000000 is an unknown value
R11=0x0000000000000001 is an unknown value
R12=0x0000000000000000 is an unknown value
R13={method} {0x0000000021795d40} 'jniCreateBody' '(JIFFFFFFFFZZZZZF)J' in 'com/badlogic/gdx/physics/box2d/World'
R14=0x000000001b4aee48 is pointing into the stack for thread: 0x000000001a69f000
R15=0x000000001a69f000 is a thread


Stack: [0x000000001b3b0000,0x000000001b4b0000],  sp=0x000000001b4aeba0,  free space=1018k
Native frames: (J=compiled Java code, j=interpreted, Vv=VM code, C=native code)
C  [gdx-box2d64.dll+0xbd0d]
C  [gdx-box2d64.dll+0x22483]
C  [gdx-box2d64.dll+0x28616]
C  0x0000000003415b74

Java frames: (J=compiled Java code, j=interpreted, Vv=VM code)
j  com.badlogic.gdx.physics.box2d.World.jniCreateBody(JIFFFFFFFFZZZZZF)J+0
j  com.badlogic.gdx.physics.box2d.World.createBody(Lcom/badlogic/gdx/physics/box2d/BodyDef;)Lcom/badlogic/gdx/physics/box2d/Body;+80
j  com.denis.game.model.Fixtures.FireBall.defineFireBall()V+67
j  com.denis.game.model.Fixtures.FireBall.<init>(Lcom/denis/game/view/PlayScreen;FFZ)V+102
j  com.denis.game.model.Mobs.Player.fire()V+44
J 1390 C1 com.denis.game.view.PlayScreen.handleInput(F)V (811 bytes) @ 0x000000000391b34c [0x000000000391a380+0xfcc]
J 1322 C1 com.denis.game.view.PlayScreen.update(F)V (158 bytes) @ 0x00000000038d45bc [0x00000000038d4520+0x9c]
J 1321 C1 com.denis.game.view.PlayScreen.render(F)V (321 bytes) @ 0x00000000038d6e7c [0x00000000038d6de0+0x9c]
J 1415 C1 com.denis.game.Main.render()V (5 bytes) @ 0x00000000039319c4 [0x00000000039317a0+0x224]
j  com.badlogic.gdx.backends.lwjgl.LwjglApplication.mainLoop()V+698
j  com.badlogic.gdx.backends.lwjgl.LwjglApplication$1.run()V+27
v  ~StubRoutines::call_stub

---------------  P R O C E S S  ---------------

Java Threads: ( => current thread )
  0x0000000022754000 JavaThread "AsynchExecutor-Thread" daemon [_thread_blocked, id=84084, stack(0x00000000230d0000,0x00000000231d0000)]
  0x000000001aace800 JavaThread "LWJGL Timer" daemon [_thread_blocked, id=84960, stack(0x0000000021b00000,0x0000000021c00000)]
  0x0000000000ef4000 JavaThread "DestroyJavaVM" [_thread_blocked, id=84708, stack(0x0000000000df0000,0x0000000000ef0000)]
=>0x000000001a69f000 JavaThread "LWJGL Application" [_thread_in_native, id=83496, stack(0x000000001b3b0000,0x000000001b4b0000)]
  0x0000000019707000 JavaThread "Monitor Ctrl-Break" daemon [_thread_in_native, id=84900, stack(0x000000001a070000,0x000000001a170000)]
  0x0000000019527800 JavaThread "Service Thread" daemon [_thread_blocked, id=84868, stack(0x0000000019e70000,0x0000000019f70000)]
  0x00000000194be800 JavaThread "C1 CompilerThread3" daemon [_thread_blocked, id=84924, stack(0x0000000019d70000,0x0000000019e70000)]
  0x00000000194aa800 JavaThread "C2 CompilerThread2" daemon [_thread_blocked, id=84908, stack(0x0000000019c70000,0x0000000019d70000)]
  0x00000000194a0800 JavaThread "C2 CompilerThread1" daemon [_thread_in_native, id=84912, stack(0x0000000019b70000,0x0000000019c70000)]
  0x000000001949e800 JavaThread "C2 CompilerThread0" daemon [_thread_blocked, id=84916, stack(0x0000000019a70000,0x0000000019b70000)]
  0x000000001949c000 JavaThread "Attach Listener" daemon [_thread_blocked, id=84888, stack(0x0000000019970000,0x0000000019a70000)]
  0x000000001949b000 JavaThread "Signal Dispatcher" daemon [_thread_blocked, id=84828, stack(0x0000000019870000,0x0000000019970000)]
  0x0000000000fec800 JavaThread "Finalizer" daemon [_thread_blocked, id=84740, stack(0x0000000019370000,0x0000000019470000)]
  0x0000000000fe6000 JavaThread "Reference Handler" daemon [_thread_blocked, id=71624, stack(0x0000000019270000,0x0000000019370000)]

Other Threads:
  0x00000000174a8800 VMThread [stack: 0x0000000019170000,0x0000000019270000] [id=84736]
  0x0000000019528800 WatcherThread [stack: 0x0000000019f70000,0x000000001a070000] [id=83936]

VM state:not at safepoint (normal execution)

VM Mutex/Monitor currently owned by a thread: None

Heap:
 PSYoungGen      total 38400K, used 12134K [0x00000000d5800000, 0x00000000d8280000, 0x0000000100000000)
  eden space 33280K, 21% used [0x00000000d5800000,0x00000000d5edc320,0x00000000d7880000)
  from space 5120K, 99% used [0x00000000d7880000,0x00000000d7d7d8d0,0x00000000d7d80000)
  to   space 5120K, 0% used [0x00000000d7d80000,0x00000000d7d80000,0x00000000d8280000)
 ParOldGen       total 87552K, used 2671K [0x0000000080800000, 0x0000000085d80000, 0x00000000d5800000)
  object space 87552K, 3% used [0x0000000080800000,0x0000000080a9bed0,0x0000000085d80000)
 Metaspace       used 11796K, capacity 11913K, committed 12288K, reserved 1060864K
  class space    used 1167K, capacity 1204K, committed 1280K, reserved 1048576K

Card table byte_map: [0x00000000013b0000,0x00000000017b0000] byte_map_base: 0x0000000000fac000

Marking Bits: (ParMarkBitMap*) 0x000000005ea6d490
 Begin Bits: [0x0000000012700000, 0x00000000146e0000)
 End Bits:   [0x00000000146e0000, 0x00000000166c0000)

Polling page: 0x0000000000990000

CodeCache: size=245760Kb used=6074Kb max_used=6085Kb free=239686Kb
 bounds [0x0000000003400000, 0x0000000003a00000, 0x0000000012400000]
 total_blobs=2135 nmethods=1605 adapters=444
 compilation: enabled

Compilation events (10 events):
Event: 18.567 Thread 0x00000000194be800 nmethod 1601 0x00000000039f03d0 code [0x00000000039f0520, 0x00000000039f0670]
Event: 18.600 Thread 0x00000000194a0800 1602       4       java.nio.Buffer::clear (20 bytes)
Event: 18.601 Thread 0x00000000194a0800 nmethod 1602 0x00000000039d3890 code [0x00000000039d39c0, 0x00000000039d3a38]
Event: 18.683 Thread 0x00000000194be800 1603       3       com.badlogic.gdx.utils.LongMap::getStash (54 bytes)
Event: 18.684 Thread 0x00000000194be800 nmethod 1603 0x00000000039f4490 code [0x00000000039f4600, 0x00000000039f4890]
Event: 18.717 Thread 0x000000001949e800 1604       4       com.badlogic.gdx.utils.Array$ArrayIterable::iterator (113 bytes)
Event: 18.718 Thread 0x000000001949e800 nmethod 1604 0x00000000039f3fd0 code [0x00000000039f4120, 0x00000000039f4358]
Event: 18.727 Thread 0x00000000194aa800 1605       4       com.badlogic.gdx.physics.box2d.Body::getPosition (43 bytes)
Event: 18.727 Thread 0x00000000194aa800 nmethod 1605 0x00000000039f0090 code [0x00000000039f01e0, 0x00000000039f02c8]
Event: 18.750 Thread 0x00000000194a0800 1606 %     4       com.badlogic.gdx.physics.box2d.Box2DDebugRenderer::renderBodies @ 38 (194 bytes)

GC Heap History (2 events):
Event: 5.791 GC heap before
{Heap before GC invocations=1 (full 0):
 PSYoungGen      total 38400K, used 33280K [0x00000000d5800000, 0x00000000d8280000, 0x0000000100000000)
  eden space 33280K, 100% used [0x00000000d5800000,0x00000000d7880000,0x00000000d7880000)
  from space 5120K, 0% used [0x00000000d7d80000,0x00000000d7d80000,0x00000000d8280000)
  to   space 5120K, 0% used [0x00000000d7880000,0x00000000d7880000,0x00000000d7d80000)
 ParOldGen       total 87552K, used 0K [0x0000000080800000, 0x0000000085d80000, 0x00000000d5800000)
  object space 87552K, 0% used [0x0000000080800000,0x0000000080800000,0x0000000085d80000)
 Metaspace       used 11422K, capacity 11485K, committed 11776K, reserved 1060864K
  class space    used 1151K, capacity 1170K, committed 1280K, reserved 1048576K
Event: 5.795 GC heap after
Heap after GC invocations=1 (full 0):
 PSYoungGen      total 38400K, used 5110K [0x00000000d5800000, 0x00000000d8280000, 0x0000000100000000)
  eden space 33280K, 0% used [0x00000000d5800000,0x00000000d5800000,0x00000000d7880000)
  from space 5120K, 99% used [0x00000000d7880000,0x00000000d7d7d8d0,0x00000000d7d80000)
  to   space 5120K, 0% used [0x00000000d7d80000,0x00000000d7d80000,0x00000000d8280000)
 ParOldGen       total 87552K, used 2671K [0x0000000080800000, 0x0000000085d80000, 0x00000000d5800000)
  object space 87552K, 3% used [0x0000000080800000,0x0000000080a9bed0,0x0000000085d80000)
 Metaspace       used 11422K, capacity 11485K, committed 11776K, reserved 1060864K
  class space    used 1151K, capacity 1170K, committed 1280K, reserved 1048576K
}

Deoptimization events (10 events):
Event: 14.087 Thread 0x000000001a69f000 Uncommon trap: reason=unreached action=reinterpret pc=0x0000000003851098 method=com.badlogic.gdx.utils.Array$ArrayIterable.iterator()Ljava/util/Iterator; @ 4
Event: 14.091 Thread 0x000000001a69f000 Uncommon trap: reason=class_check action=maybe_recompile pc=0x000000000394446c method=com.badlogic.gdx.scenes.scene2d.ui.WidgetGroup.validate()V @ 115
Event: 14.091 Thread 0x000000001a69f000 Uncommon trap: reason=class_check action=maybe_recompile pc=0x000000000394446c method=com.badlogic.gdx.scenes.scene2d.ui.WidgetGroup.validate()V @ 115
Event: 15.587 Thread 0x000000001a69f000 Uncommon trap: reason=unreached action=reinterpret pc=0x00000000038e6a2c method=com.badlogic.gdx.utils.Array.iterator()Ljava/util/Iterator; @ 4
Event: 15.640 Thread 0x000000001a69f000 Uncommon trap: reason=unreached action=reinterpret pc=0x0000000003866dc8 method=com.badlogic.gdx.utils.Array.iterator()Ljava/util/Iterator; @ 4
Event: 15.640 Thread 0x000000001a69f000 Uncommon trap: reason=unreached action=reinterpret pc=0x0000000003847e2c method=com.badlogic.gdx.physics.box2d.Fixture.getShape()Lcom/badlogic/gdx/physics/box2d/Shape; @ 4
Event: 15.643 Thread 0x000000001a69f000 Uncommon trap: reason=class_check action=maybe_recompile pc=0x0000000003935520 method=com.badlogic.gdx.scenes.scene2d.ui.Widget.validate()V @ 89
Event: 15.643 Thread 0x000000001a69f000 Uncommon trap: reason=class_check action=maybe_recompile pc=0x0000000003935520 method=com.badlogic.gdx.scenes.scene2d.ui.Widget.validate()V @ 89
Event: 15.643 Thread 0x000000001a69f000 Uncommon trap: reason=class_check action=maybe_recompile pc=0x0000000003935520 method=com.badlogic.gdx.scenes.scene2d.ui.Widget.validate()V @ 89
Event: 15.643 Thread 0x000000001a69f000 Uncommon trap: reason=class_check action=maybe_recompile pc=0x0000000003935520 method=com.badlogic.gdx.scenes.scene2d.ui.Widget.validate()V @ 89

Internal exceptions (10 events):
Event: 14.087 Thread 0x000000001a69f000 Exception <a 'java/security/PrivilegedActionException'> (0x00000000d591b890) thrown at [D:\re\workspace\8-2-build-windows-amd64-cygwin\jdk8u25\1677\hotspot\src\share\vm\prims\jvm.cpp, line 1312]
Event: 14.087 Thread 0x000000001a69f000 Implicit null exception at 0x0000000003851030 to 0x0000000003851085
Event: 15.574 Thread 0x000000001a69f000 Exception <a 'java/security/PrivilegedActionException'> (0x00000000d5d13800) thrown at [D:\re\workspace\8-2-build-windows-amd64-cygwin\jdk8u25\1677\hotspot\src\share\vm\prims\jvm.cpp, line 1312]
Event: 15.574 Thread 0x000000001a69f000 Exception <a 'java/security/PrivilegedActionException'> (0x00000000d5d189f0) thrown at [D:\re\workspace\8-2-build-windows-amd64-cygwin\jdk8u25\1677\hotspot\src\share\vm\prims\jvm.cpp, line 1312]
Event: 15.575 Thread 0x000000001a69f000 Exception <a 'java/security/PrivilegedActionException'> (0x00000000d5d1c640) thrown at [D:\re\workspace\8-2-build-windows-amd64-cygwin\jdk8u25\1677\hotspot\src\share\vm\prims\jvm.cpp, line 1312]
Event: 15.575 Thread 0x000000001a69f000 Exception <a 'java/security/PrivilegedActionException'> (0x00000000d5d24220) thrown at [D:\re\workspace\8-2-build-windows-amd64-cygwin\jdk8u25\1677\hotspot\src\share\vm\prims\jvm.cpp, line 1312]
Event: 15.586 Thread 0x000000001a69f000 Implicit null exception at 0x00000000038e67fd to 0x00000000038e6a19
Event: 15.640 Thread 0x000000001a69f000 Implicit null exception at 0x00000000038669a0 to 0x0000000003866da9
Event: 15.640 Thread 0x000000001a69f000 Implicit null exception at 0x0000000003846d46 to 0x0000000003847e21
Event: 17.060 Thread 0x000000001a69f000 Exception <a 'java/security/PrivilegedActionException'> (0x00000000d5e67bf0) thrown at [D:\re\workspace\8-2-build-windows-amd64-cygwin\jdk8u25\1677\hotspot\src\share\vm\prims\jvm.cpp, line 1312]

Events (10 events):
Event: 15.643 Thread 0x000000001a69f000 DEOPT PACKING pc=0x0000000003935520 sp=0x000000001b4aeee0
Event: 15.643 Thread 0x000000001a69f000 DEOPT UNPACKING pc=0x000000000344556a sp=0x000000001b4aee68 mode 2
Event: 15.643 Thread 0x000000001a69f000 Uncommon trap: trap_request=0xffffffde fr.pc=0x0000000003935520
Event: 15.643 Thread 0x000000001a69f000 DEOPT PACKING pc=0x0000000003935520 sp=0x000000001b4aeee0
Event: 15.643 Thread 0x000000001a69f000 DEOPT UNPACKING pc=0x000000000344556a sp=0x000000001b4aee68 mode 2
Event: 15.643 Thread 0x000000001a69f000 Uncommon trap: trap_request=0xffffffde fr.pc=0x0000000003935520
Event: 15.643 Thread 0x000000001a69f000 DEOPT PACKING pc=0x0000000003935520 sp=0x000000001b4aeee0
Event: 15.643 Thread 0x000000001a69f000 DEOPT UNPACKING pc=0x000000000344556a sp=0x000000001b4aee68 mode 2
Event: 17.060 loading class com/denis/game/model/Fixtures/FireBall
Event: 17.060 loading class com/denis/game/model/Fixtures/FireBall done


Dynamic libraries:
0x00007ff6620b0000 - 0x00007ff6620e4000 	C:\Program Files\Java\jdk1.8.0_25\bin\java.exe
0x00007ffe17470000 - 0x00007ffe17631000 	C:\WINDOWS\SYSTEM32\ntdll.dll
0x00007ffe16900000 - 0x00007ffe169ad000 	C:\WINDOWS\system32\KERNEL32.DLL
0x00007ffe14150000 - 0x00007ffe14338000 	C:\WINDOWS\system32\KERNELBASE.dll
0x00007ffe17340000 - 0x00007ffe173e7000 	C:\WINDOWS\system32\ADVAPI32.dll
0x00007ffe15e50000 - 0x00007ffe15eed000 	C:\WINDOWS\system32\msvcrt.dll
0x00007ffe163b0000 - 0x00007ffe1640b000 	C:\WINDOWS\system32\sechost.dll
0x00007ffe16000000 - 0x00007ffe1611c000 	C:\WINDOWS\system32\RPCRT4.dll
0x00007ffe16780000 - 0x00007ffe168d6000 	C:\WINDOWS\system32\USER32.dll
0x00007ffe171b0000 - 0x00007ffe17336000 	C:\WINDOWS\system32\GDI32.dll
0x00007ffe10d00000 - 0x00007ffe10f74000 	C:\WINDOWS\WinSxS\amd64_microsoft.windows.common-controls_6595b64144ccf1df_6.0.10586.0_none_8c15ae12515e1c22\COMCTL32.dll
0x00007ffe16a10000 - 0x00007ffe16c8d000 	C:\WINDOWS\system32\combase.dll
0x00007ffe14460000 - 0x00007ffe144ca000 	C:\WINDOWS\system32\bcryptPrimitives.dll
0x00007ffe14850000 - 0x00007ffe1488b000 	C:\WINDOWS\system32\IMM32.DLL
0x000000005eaf0000 - 0x000000005ebc2000 	C:\Program Files\Java\jdk1.8.0_25\jre\bin\msvcr100.dll
0x000000005e290000 - 0x000000005eaea000 	C:\Program Files\Java\jdk1.8.0_25\jre\bin\server\jvm.dll
0x00007ffe173f0000 - 0x00007ffe173f8000 	C:\WINDOWS\system32\PSAPI.DLL
0x00007ffe072f0000 - 0x00007ffe072f9000 	C:\WINDOWS\SYSTEM32\WSOCK32.dll
0x00007ffe121e0000 - 0x00007ffe12203000 	C:\WINDOWS\SYSTEM32\WINMM.dll
0x00007ffe17400000 - 0x00007ffe1746b000 	C:\WINDOWS\system32\WS2_32.dll
0x0000000000960000 - 0x000000000098c000 	C:\WINDOWS\SYSTEM32\WINMMBASE.dll
0x00007ffe14800000 - 0x00007ffe14843000 	C:\WINDOWS\system32\cfgmgr32.dll
0x000000005ec90000 - 0x000000005ec9f000 	C:\Program Files\Java\jdk1.8.0_25\jre\bin\verify.dll
0x000000005ec60000 - 0x000000005ec88000 	C:\Program Files\Java\jdk1.8.0_25\jre\bin\java.dll
0x000000005ec40000 - 0x000000005ec56000 	C:\Program Files\Java\jdk1.8.0_25\jre\bin\zip.dll
0x00007ffe148f0000 - 0x00007ffe15e4c000 	C:\WINDOWS\system32\SHELL32.dll
0x00007ffe13b00000 - 0x00007ffe14144000 	C:\WINDOWS\system32\windows.storage.dll
0x00007ffe169b0000 - 0x00007ffe16a02000 	C:\WINDOWS\system32\shlwapi.dll
0x00007ffe13a90000 - 0x00007ffe13a9f000 	C:\WINDOWS\system32\kernel.appcore.dll
0x00007ffe143a0000 - 0x00007ffe14455000 	C:\WINDOWS\system32\shcore.dll
0x00007ffe13aa0000 - 0x00007ffe13aeb000 	C:\WINDOWS\system32\powrprof.dll
0x00007ffe13a70000 - 0x00007ffe13a84000 	C:\WINDOWS\system32\profapi.dll
0x00007ffe052f0000 - 0x00007ffe052ff000 	C:\Program Files\Android\Android Studio1\bin\breakgen64.dll
0x000000005ec20000 - 0x000000005ec3a000 	C:\Program Files\Java\jdk1.8.0_25\jre\bin\net.dll
0x00007ffe13340000 - 0x00007ffe1339c000 	C:\WINDOWS\system32\mswsock.dll
0x0000000065580000 - 0x0000000065616000 	C:\Users\DNS\AppData\Local\Temp\libgdxDNS\f78d4dc2\gdx64.dll
0x00007ffe133f0000 - 0x00007ffe13407000 	C:\WINDOWS\SYSTEM32\CRYPTSP.dll
0x00007ffe13080000 - 0x00007ffe130b4000 	C:\WINDOWS\system32\rsaenh.dll
0x00007ffe139a0000 - 0x00007ffe139c9000 	C:\WINDOWS\SYSTEM32\bcrypt.dll
0x00007ffe131d0000 - 0x00007ffe131ef000 	C:\WINDOWS\SYSTEM32\USERENV.dll
0x00007ffe13510000 - 0x00007ffe1351b000 	C:\WINDOWS\SYSTEM32\CRYPTBASE.dll
0x00007ffe0ed60000 - 0x00007ffe0ed98000 	C:\WINDOWS\SYSTEM32\IPHLPAPI.DLL
0x00007ffe168e0000 - 0x00007ffe168e8000 	C:\WINDOWS\system32\NSI.dll
0x00007ffe0b290000 - 0x00007ffe0b2a6000 	C:\WINDOWS\SYSTEM32\dhcpcsvc6.DLL
0x00007ffe0b1e0000 - 0x00007ffe0b1fa000 	C:\WINDOWS\SYSTEM32\dhcpcsvc.DLL
0x000000005ec00000 - 0x000000005ec11000 	C:\Program Files\Java\jdk1.8.0_25\jre\bin\nio.dll
0x0000000180000000 - 0x0000000180053000 	C:\Users\DNS\AppData\Local\Temp\libgdxDNS\dc0f0009\lwjgl64.dll
0x00007ffe12060000 - 0x00007ffe1206a000 	C:\WINDOWS\SYSTEM32\VERSION.dll
0x00007ffdeff00000 - 0x00007ffdf0029000 	C:\WINDOWS\SYSTEM32\OPENGL32.dll
0x00007ffdfb480000 - 0x00007ffdfb4ae000 	C:\WINDOWS\SYSTEM32\GLU32.dll
0x00007ffdf2b90000 - 0x00007ffdf2c8a000 	C:\WINDOWS\SYSTEM32\DDRAW.dll
0x00007ffe026d0000 - 0x00007ffe026d8000 	C:\WINDOWS\SYSTEM32\DCIMAN32.dll
0x000000001acb0000 - 0x000000001ad14000 	C:\Users\DNS\AppData\Local\Temp\libgdxDNS\dc0f0009\OpenAL64.dll
0x00007ffe16410000 - 0x00007ffe16553000 	C:\WINDOWS\system32\ole32.dll
0x00007ffe124e0000 - 0x00007ffe12576000 	C:\WINDOWS\system32\uxtheme.dll
0x00007ffe16c90000 - 0x00007ffe16d37000 	C:\WINDOWS\system32\clbcatq.dll
0x00007ffe10330000 - 0x00007ffe104b6000 	C:\WINDOWS\System32\PROPSYS.dll
0x00007ffe16180000 - 0x00007ffe16241000 	C:\WINDOWS\system32\OLEAUT32.dll
0x00007ffdf2530000 - 0x00007ffdf25cc000 	C:\WINDOWS\SYSTEM32\dsound.dll
0x00007ffe0bef0000 - 0x00007ffe0bf60000 	C:\WINDOWS\System32\MMDevApi.dll
0x00007ffe12580000 - 0x00007ffe125a7000 	C:\WINDOWS\System32\DEVOBJ.dll
0x00007ffe0b200000 - 0x00007ffe0b288000 	C:\WINDOWS\SYSTEM32\AUDIOSES.DLL
0x00007ffe0d9f0000 - 0x00007ffe0db26000 	C:\WINDOWS\SYSTEM32\wintypes.dll
0x00007ffe16250000 - 0x00007ffe163aa000 	C:\WINDOWS\system32\MSCTF.dll
0x00007ffe11b50000 - 0x00007ffe11b72000 	C:\WINDOWS\system32\dwmapi.dll
0x000000005baf0000 - 0x000000005d8cc000 	C:\WINDOWS\SYSTEM32\nvoglv64.DLL
0x00007ffe16d80000 - 0x00007ffe171a9000 	C:\WINDOWS\system32\SETUPAPI.dll
0x00007ffdfca50000 - 0x00007ffdfcbdc000 	C:\WINDOWS\SYSTEM32\dbghelp.dll
0x00007ffe12130000 - 0x00007ffe12143000 	C:\WINDOWS\SYSTEM32\WTSAPI32.dll
0x00007ffe14340000 - 0x00007ffe14395000 	C:\WINDOWS\system32\WINTRUST.dll
0x00007ffe13af0000 - 0x00007ffe13b00000 	C:\WINDOWS\system32\MSASN1.dll
0x00007ffe144d0000 - 0x00007ffe14698000 	C:\WINDOWS\system32\CRYPT32.dll
0x00007ffe12f60000 - 0x00007ffe12f91000 	C:\WINDOWS\SYSTEM32\ntmarta.dll
0x00007ffe13940000 - 0x00007ffe13996000 	C:\WINDOWS\SYSTEM32\WINSTA.dll
0x00007ffe10f80000 - 0x00007ffe11011000 	C:\WINDOWS\SYSTEM32\mscms.dll
0x00007ffdfb7c0000 - 0x00007ffdfb802000 	C:\WINDOWS\SYSTEM32\icm32.dll
0x0000000066bc0000 - 0x0000000066c7b000 	C:\Users\DNS\AppData\Local\Temp\libgdxDNS\26e814da\gdx-box2d64.dll

VM Arguments:
jvm_args: -Didea.launcher.port=7538 -Didea.launcher.bin.path=C:\Program Files\Android\Android Studio1\bin -Dfile.encoding=UTF-8 
java_command: com.intellij.rt.execution.application.AppMain com.denis.game.desktop.DesktopLauncher
java_class_path (initial): C:\Program Files\Java\jdk1.8.0_25\jre\lib\charsets.jar;C:\Program Files\Java\jdk1.8.0_25\jre\lib\deploy.jar;C:\Program Files\Java\jdk1.8.0_25\jre\lib\javaws.jar;C:\Program Files\Java\jdk1.8.0_25\jre\lib\jce.jar;C:\Program Files\Java\jdk1.8.0_25\jre\lib\jfr.jar;C:\Program Files\Java\jdk1.8.0_25\jre\lib\jfxswt.jar;C:\Program Files\Java\jdk1.8.0_25\jre\lib\jsse.jar;C:\Program Files\Java\jdk1.8.0_25\jre\lib\management-agent.jar;C:\Program Files\Java\jdk1.8.0_25\jre\lib\plugin.jar;C:\Program Files\Java\jdk1.8.0_25\jre\lib\resources.jar;C:\Program Files\Java\jdk1.8.0_25\jre\lib\rt.jar;C:\Program Files\Java\jdk1.8.0_25\jre\lib\ext\access-bridge-64.jar;C:\Program Files\Java\jdk1.8.0_25\jre\lib\ext\cldrdata.jar;C:\Program Files\Java\jdk1.8.0_25\jre\lib\ext\dnsns.jar;C:\Program Files\Java\jdk1.8.0_25\jre\lib\ext\jaccess.jar;C:\Program Files\Java\jdk1.8.0_25\jre\lib\ext\jfxrt.jar;C:\Program Files\Java\jdk1.8.0_25\jre\lib\ext\localedata.jar;C:\Program Files\Java\jdk1.8.0_25\jre\lib\ext\nashorn.jar;C:\Program Files\Java\jdk1.8.0_25\jre\lib\ext\sunec.jar;C:\Program Files\Java\jdk1.8.0_25\jre\lib\ext\sunjce_provider.jar;C:\Program Files\Java\jdk1.8.0_25\jre\lib\ext\sunmscapi.jar;C:\Program Files\Java\jdk1.8.0_25\jre\lib\ext\sunpkcs11.jar;C:\Program Files\Java\jdk1.8.0_25\jre\lib\ext\zipfs.jar;C:\Users\DNS\Desktop\GitProjects\Square-Story\desktop\build\classes\main;C:\Users\DNS\Desktop\GitProjects\Square-Story\core\build\classes\main;C:\Users\DNS\.gradle\caches\modules-2\files-2.1\com.badlogicgames.gdx\gdx\1.9.1\41e844a4849872fdb9c33f3f2790e356f907f491\gdx-1.9.1.jar;C:\Users\DNS\.gradle\caches\modules-2\files-2.1\com.badlogicgames.gdx\gdx-box2d\1.9.1\efc80b7e8a239404fdcb9816c9d3bad168e148c2\gdx-box2d-1.9.1.jar;C:\Users\DNS\.gradle\caches\modules-2\files-2.1\com.badlogicgames.gdx\gdx-controllers\1.9.1\37ec89fd7b1ef2deed3444ca94666f188e5b173d\gdx-controllers-1.9.1.jar;C:\Users\DNS\.gradle\caches\modules-2\files-2.1\com.badlogicgames.gdx\gdx-freetype\1.9.1
Launcher Type: SUN_STANDARD

Environment Variables:
PATH=C:\ProgramData\Oracle\Java\javapath;C:\Program Files (x86)\Common Files\Intel\Shared Libraries\redist\intel64\compiler;C:\Program Files (x86)\ActiveState Komodo Edit 8\;C:\Program Files (x86)\Intel\iCLS Client\;C:\Program Files\Intel\iCLS Client\;C:\Program Files\Common Files\Microsoft Shared\Windows Live;C:\Program Files (x86)\Common Files\Microsoft Shared\Windows Live;C:\WINDOWS\system32;C:\WINDOWS;C:\WINDOWS\System32\Wbem;C:\WINDOWS\System32\WindowsPowerShell\v1.0\;C:\Program Files (x86)\Windows Live\Shared;C:\Program Files\Intel\Intel(R) Management Engine Components\DAL;C:\Program Files\Intel\Intel(R) Management Engine Components\IPT;C:\Program Files (x86)\Intel\Intel(R) Management Engine Components\DAL;C:\Program Files (x86)\Intel\Intel(R) Management Engine Components\IPT;C:\Program Files (x86)\IVI Foundation\VISA\WinNT\Bin;C:\FPC\2.6.0\bin\i386-Win32;C:\FPC\2.6.2\bin\i386-Win32;C:\Program Files\Microsoft SQL Server\110\Tools\Binn\;C:\FPC\2.6.4\bin\i386-Win32;C:\Program Files (x86)\QuickTime\QTSystem\;C:\FPC\2.6.0\bin\i386-win32;C:\Program Files\Microsoft\Web Platform Installer\;C:\Program Files\IBM\SPSS\Statistics\22\JRE\bin;C:\Program Files (x86)\Brackets\command;C:\Program Files (x86)\NVIDIA Corporation\PhysX\Common;C:\Program Files (x86)\GtkSharp\2.12\bin;C:\Program Files\Git\cmd;C:\Program Files (x86)\Skype\Phone\;C:\WINDOWS\system32;C:\WINDOWS;C:\WINDOWS\System32\Wbem;C:\WINDOWS\System32\WindowsPowerShell\v1.0\;C:\Program Files\nodejs\;C:\Python34;C:\Users\DNS\AppData\Roaming\npm
USERNAME=DNS
OS=Windows_NT
PROCESSOR_IDENTIFIER=Intel64 Family 6 Model 58 Stepping 9, GenuineIntel



---------------  S Y S T E M  ---------------

OS: Windows 8.1 , 64 bit Build 9600 

CPU:total 8 (4 cores per cpu, 2 threads per core) family 6 model 58 stepping 9, cmov, cx8, fxsr, mmx, sse, sse2, sse3, ssse3, sse4.1, sse4.2, popcnt, avx, aes, clmul, erms, ht, tsc, tscinvbit, tscinv

Memory: 4k page, physical 8350004k(1760540k free), swap 16738612k(5348788k free)

vm_info: Java HotSpot(TM) 64-Bit Server VM (25.25-b02) for windows-amd64 JRE (1.8.0_25-b18), built on Oct  7 2014 14:25:37 by "java_re" with MS VC++ 10.0 (VS2010)

time: Sat May 21 21:34:30 2016
elapsed time: 18 seconds (0d 0h 0m 18s)

