#
# A fatal error has been detected by the Java Runtime Environment:
#
#  EXCEPTION_ACCESS_VIOLATION (0xc0000005) at pc=0x0000000066bcbd0d, pid=114236, tid=112752
#
# JRE version: Java(TM) SE Runtime Environment (8.0_25-b18) (build 1.8.0_25-b18)
# Java VM: Java HotSpot(TM) 64-Bit Server VM (25.25-b02 mixed mode windows-amd64 compressed oops)
# Problematic frame:
# C  [gdx-box2d64.dll+0xbd0d]
#
# Failed to write core dump. Minidumps are not enabled by default on client versions of Windows
#
# If you would like to submit a bug report, please visit:
#   http://bugreport.sun.com/bugreport/crash.jsp
# The crash happened outside the Java Virtual Machine in native code.
# See problematic frame for where to report the bug.
#

---------------  T H R E A D  ---------------

Current thread (0x000000001ac66000):  JavaThread "LWJGL Application" [_thread_in_native, id=112752, stack(0x000000001b700000,0x000000001b800000)]

siginfo: ExceptionCode=0xc0000005, reading address 0x000000021b4bcd50

Registers:
RAX=0x000000021b4bcd50, RBX=0x00000000230c3940, RCX=0x00000000230c3910, RDX=0x00000000000000b8
RSP=0x000000001b7feb30, RBP=0x0000000000000006, RSI=0x00000000230c3910, RDI=0x000000001b7febf0
R8 =0x00000000230c3910, R9 =0x0000000000000002, R10=0x0000000000000000, R11=0x0000000000000001
R12=0x0000000000000000, R13=0x0000000021aa9a48, R14=0x000000001b7fedd8, R15=0x000000001ac66000
RIP=0x0000000066bcbd0d, EFLAGS=0x0000000000010206

Top of Stack: (sp=0x000000001b7feb30)
0x000000001b7feb30:   0000000021aa9a48 000000001ac66000
0x000000001b7feb40:   000000005487bfa8 000000001ae521f0
0x000000001b7feb50:   0000000000000012 00000000230c3910
0x000000001b7feb60:   0000000016fc0488 000000001b7febf0
0x000000001b7feb70:   000000001b7fed30 0000000000000000
0x000000001b7feb80:   0000000021aa9a48 0000000066be2483
0x000000001b7feb90:   000000001b7fec30 000000001b7fec30
0x000000001b7feba0:   0000000000000003 0000000021aa9a48
0x000000001b7febb0:   0000000000000001 0000000016fc0488
0x000000001b7febc0:   0000000003407200 0000000066be8616
0x000000001b7febd0:   0000000000000000 0000000003407200
0x000000001b7febe0:   000000001b7fed30 00000000034054d8
0x000000001b7febf0:   40f8a00f00000002 000000003fd962f5
0x000000001b7fec00:   0000000000000000 0000000000000000
0x000000001b7fec10:   0000010100000000 000000001b7fed01
0x000000001b7fec20:   0000000000000000 000000003f800000 

Instructions: (pc=0x0000000066bcbd0d)
0x0000000066bcbced:   48 8d 05 6c a3 05 00 0f b6 1c 18 80 fb 0d 0f b6
0x0000000066bcbcfd:   eb 77 21 48 8d 1c de 48 8b 43 10 48 85 c0 74 3a
0x0000000066bcbd0d:   48 8b 10 48 89 53 10 48 83 c4 28 5b 5e 5f 5d 41
0x0000000066bcbd1d:   5c 41 5d c3 48 8d 15 18 9e 04 00 48 8d 0d 99 9e 


Register to memory mapping:

RAX=0x000000021b4bcd50 is an unknown value
RBX=0x00000000230c3940 is an unknown value
RCX=0x00000000230c3910 is an unknown value
RDX=0x00000000000000b8 is an unknown value
RSP=0x000000001b7feb30 is pointing into the stack for thread: 0x000000001ac66000
RBP=0x0000000000000006 is an unknown value
RSI=0x00000000230c3910 is an unknown value
RDI=0x000000001b7febf0 is pointing into the stack for thread: 0x000000001ac66000
R8 =0x00000000230c3910 is an unknown value
R9 =0x0000000000000002 is an unknown value
R10=0x0000000000000000 is an unknown value
R11=0x0000000000000001 is an unknown value
R12=0x0000000000000000 is an unknown value
R13={method} {0x0000000021aa9a50} 'jniCreateBody' '(JIFFFFFFFFZZZZZF)J' in 'com/badlogic/gdx/physics/box2d/World'
R14=0x000000001b7fedd8 is pointing into the stack for thread: 0x000000001ac66000
R15=0x000000001ac66000 is a thread


Stack: [0x000000001b700000,0x000000001b800000],  sp=0x000000001b7feb30,  free space=1018k
Native frames: (J=compiled Java code, j=interpreted, Vv=VM code, C=native code)
C  [gdx-box2d64.dll+0xbd0d]
C  [gdx-box2d64.dll+0x22483]
C  [gdx-box2d64.dll+0x28616]
C  0x0000000003415b74

Java frames: (J=compiled Java code, j=interpreted, Vv=VM code)
j  com.badlogic.gdx.physics.box2d.World.jniCreateBody(JIFFFFFFFFZZZZZF)J+0
j  com.badlogic.gdx.physics.box2d.World.createBody(Lcom/badlogic/gdx/physics/box2d/BodyDef;)Lcom/badlogic/gdx/physics/box2d/Body;+80
j  com.denis.game.model.Fixtures.FireBall.defineFireBall()V+67
j  com.denis.game.model.Fixtures.FireBall.<init>(Lcom/denis/game/view/PlayScreen;FFZ)V+102
j  com.denis.game.model.Mobs.Player.fire()V+44
J 1318 C1 com.denis.game.view.PlayScreen.handleInput(F)V (505 bytes) @ 0x00000000038c640c [0x00000000038c53e0+0x102c]
J 1300 C1 com.denis.game.view.PlayScreen.update(F)V (158 bytes) @ 0x00000000038b6efc [0x00000000038b6e60+0x9c]
J 1299 C1 com.denis.game.view.PlayScreen.render(F)V (332 bytes) @ 0x00000000038b12bc [0x00000000038b1220+0x9c]
J 1258 C1 com.denis.game.Main.render()V (5 bytes) @ 0x0000000003899d84 [0x0000000003899b60+0x224]
j  com.badlogic.gdx.backends.lwjgl.LwjglApplication.mainLoop()V+698
j  com.badlogic.gdx.backends.lwjgl.LwjglApplication$1.run()V+27
v  ~StubRoutines::call_stub

---------------  P R O C E S S  ---------------

Java Threads: ( => current thread )
  0x000000001aff0800 JavaThread "LWJGL Timer" daemon [_thread_blocked, id=114424, stack(0x0000000021ad0000,0x0000000021bd0000)]
  0x0000000001384000 JavaThread "DestroyJavaVM" [_thread_blocked, id=114180, stack(0x00000000011c0000,0x00000000012c0000)]
=>0x000000001ac66000 JavaThread "LWJGL Application" [_thread_in_native, id=112752, stack(0x000000001b700000,0x000000001b800000)]
  0x0000000019c0a000 JavaThread "Monitor Ctrl-Break" daemon [_thread_in_native, id=114580, stack(0x000000001a580000,0x000000001a680000)]
  0x0000000019a3c000 JavaThread "Service Thread" daemon [_thread_blocked, id=113872, stack(0x000000001a380000,0x000000001a480000)]
  0x00000000199d6000 JavaThread "C1 CompilerThread3" daemon [_thread_blocked, id=112328, stack(0x000000001a280000,0x000000001a380000)]
  0x00000000199b7000 JavaThread "C2 CompilerThread2" daemon [_thread_blocked, id=113824, stack(0x000000001a180000,0x000000001a280000)]
  0x00000000199ae000 JavaThread "C2 CompilerThread1" daemon [_thread_blocked, id=114172, stack(0x000000001a080000,0x000000001a180000)]
  0x00000000199a8800 JavaThread "C2 CompilerThread0" daemon [_thread_blocked, id=113696, stack(0x0000000019f80000,0x000000001a080000)]
  0x00000000199a6800 JavaThread "Attach Listener" daemon [_thread_blocked, id=113888, stack(0x0000000019e80000,0x0000000019f80000)]
  0x00000000199b5800 JavaThread "Signal Dispatcher" daemon [_thread_blocked, id=113460, stack(0x0000000019d80000,0x0000000019e80000)]
  0x000000000147c800 JavaThread "Finalizer" daemon [_thread_blocked, id=114164, stack(0x0000000019880000,0x0000000019980000)]
  0x0000000001476000 JavaThread "Reference Handler" daemon [_thread_blocked, id=113504, stack(0x0000000019780000,0x0000000019880000)]

Other Threads:
  0x00000000179a8800 VMThread [stack: 0x0000000019680000,0x0000000019780000] [id=113764]
  0x0000000019a3f000 WatcherThread [stack: 0x000000001a480000,0x000000001a580000] [id=114472]

VM state:not at safepoint (normal execution)

VM Mutex/Monitor currently owned by a thread: None

Heap:
 PSYoungGen      total 38400K, used 10137K [0x00000000d5800000, 0x00000000d8280000, 0x0000000100000000)
  eden space 33280K, 15% used [0x00000000d5800000,0x00000000d5cea038,0x00000000d7880000)
  from space 5120K, 99% used [0x00000000d7880000,0x00000000d7d7c6a8,0x00000000d7d80000)
  to   space 5120K, 0% used [0x00000000d7d80000,0x00000000d7d80000,0x00000000d8280000)
 ParOldGen       total 87552K, used 1742K [0x0000000080800000, 0x0000000085d80000, 0x00000000d5800000)
  object space 87552K, 1% used [0x0000000080800000,0x00000000809b3af0,0x0000000085d80000)
 Metaspace       used 11722K, capacity 11875K, committed 12032K, reserved 1060864K
  class space    used 1174K, capacity 1235K, committed 1280K, reserved 1048576K

Card table byte_map: [0x0000000001840000,0x0000000001c40000] byte_map_base: 0x000000000143c000

Marking Bits: (ParMarkBitMap*) 0x0000000054a4d490
 Begin Bits: [0x0000000012c00000, 0x0000000014be0000)
 End Bits:   [0x0000000014be0000, 0x0000000016bc0000)

Polling page: 0x0000000000de0000

CodeCache: size=245760Kb used=5520Kb max_used=5524Kb free=240239Kb
 bounds [0x0000000003400000, 0x0000000003970000, 0x0000000012400000]
 total_blobs=2029 nmethods=1499 adapters=444
 compilation: enabled

Compilation events (10 events):
Event: 38.846 Thread 0x00000000199d6000 1495       3       java.nio.Bits::putLongB (89 bytes)
Event: 38.846 Thread 0x00000000199d6000 nmethod 1495 0x0000000003969110 code [0x0000000003969320, 0x0000000003969e18]
Event: 38.846 Thread 0x00000000199d6000 1496       3       java.nio.Bits::long7 (7 bytes)
Event: 38.846 Thread 0x00000000199d6000 nmethod 1496 0x0000000003952990 code [0x0000000003952ae0, 0x0000000003952c30]
Event: 38.846 Thread 0x00000000199d6000 1497       3       java.nio.Bits::long6 (7 bytes)
Event: 38.846 Thread 0x00000000199d6000 nmethod 1497 0x0000000003968e10 code [0x0000000003968f60, 0x00000000039690b0]
Event: 38.846 Thread 0x00000000199d6000 1498       3       java.nio.Bits::long5 (7 bytes)
Event: 38.846 Thread 0x00000000199d6000 nmethod 1498 0x0000000003968b10 code [0x0000000003968c60, 0x0000000003968db0]
Event: 38.846 Thread 0x00000000199d6000 1499       3       java.nio.Bits::long4 (7 bytes)
Event: 38.846 Thread 0x00000000199d6000 nmethod 1499 0x0000000003968810 code [0x0000000003968960, 0x0000000003968ab0]

GC Heap History (2 events):
Event: 27.514 GC heap before
{Heap before GC invocations=1 (full 0):
 PSYoungGen      total 38400K, used 33280K [0x00000000d5800000, 0x00000000d8280000, 0x0000000100000000)
  eden space 33280K, 100% used [0x00000000d5800000,0x00000000d7880000,0x00000000d7880000)
  from space 5120K, 0% used [0x00000000d7d80000,0x00000000d7d80000,0x00000000d8280000)
  to   space 5120K, 0% used [0x00000000d7880000,0x00000000d7880000,0x00000000d7d80000)
 ParOldGen       total 87552K, used 0K [0x0000000080800000, 0x0000000085d80000, 0x00000000d5800000)
  object space 87552K, 0% used [0x0000000080800000,0x0000000080800000,0x0000000085d80000)
 Metaspace       used 11645K, capacity 11715K, committed 12032K, reserved 1060864K
  class space    used 1169K, capacity 1203K, committed 1280K, reserved 1048576K
Event: 27.519 GC heap after
Heap after GC invocations=1 (full 0):
 PSYoungGen      total 38400K, used 5105K [0x00000000d5800000, 0x00000000d8280000, 0x0000000100000000)
  eden space 33280K, 0% used [0x00000000d5800000,0x00000000d5800000,0x00000000d7880000)
  from space 5120K, 99% used [0x00000000d7880000,0x00000000d7d7c6a8,0x00000000d7d80000)
  to   space 5120K, 0% used [0x00000000d7d80000,0x00000000d7d80000,0x00000000d8280000)
 ParOldGen       total 87552K, used 1742K [0x0000000080800000, 0x0000000085d80000, 0x00000000d5800000)
  object space 87552K, 1% used [0x0000000080800000,0x00000000809b3af0,0x0000000085d80000)
 Metaspace       used 11645K, capacity 11715K, committed 12032K, reserved 1060864K
  class space    used 1169K, capacity 1203K, committed 1280K, reserved 1048576K
}

Deoptimization events (10 events):
Event: 26.634 Thread 0x000000001ac66000 Uncommon trap: reason=array_check action=maybe_recompile pc=0x0000000003889a8c method=com.badlogic.gdx.utils.Array.add(Ljava/lang/Object;)V @ 46
Event: 26.635 Thread 0x000000001ac66000 Uncommon trap: reason=array_check action=maybe_recompile pc=0x0000000003889a8c method=com.badlogic.gdx.utils.Array.add(Ljava/lang/Object;)V @ 46
Event: 26.635 Thread 0x000000001ac66000 Uncommon trap: reason=array_check action=maybe_recompile pc=0x0000000003889a8c method=com.badlogic.gdx.utils.Array.add(Ljava/lang/Object;)V @ 46
Event: 26.635 Thread 0x000000001ac66000 Uncommon trap: reason=array_check action=maybe_recompile pc=0x0000000003889a8c method=com.badlogic.gdx.utils.Array.add(Ljava/lang/Object;)V @ 46
Event: 26.635 Thread 0x000000001ac66000 Uncommon trap: reason=unreached action=reinterpret pc=0x00000000038a68bc method=com.badlogic.gdx.utils.Array.iterator()Ljava/util/Iterator; @ 4
Event: 26.635 Thread 0x000000001ac66000 Uncommon trap: reason=unreached action=reinterpret pc=0x000000000389ad58 method=com.badlogic.gdx.utils.Array$ArrayIterable.iterator()Ljava/util/Iterator; @ 4
Event: 27.580 Thread 0x000000001ac66000 Uncommon trap: reason=unreached action=reinterpret pc=0x00000000038edcb0 method=com.badlogic.gdx.utils.Array.iterator()Ljava/util/Iterator; @ 4
Event: 27.580 Thread 0x000000001ac66000 Uncommon trap: reason=unreached action=reinterpret pc=0x0000000003902818 method=com.badlogic.gdx.utils.LongMap.values()Lcom/badlogic/gdx/utils/LongMap$Values; @ 4
Event: 27.580 Thread 0x000000001ac66000 Uncommon trap: reason=unreached action=reinterpret pc=0x00000000038c138c method=com.badlogic.gdx.utils.Array.iterator()Ljava/util/Iterator; @ 4
Event: 27.580 Thread 0x000000001ac66000 Uncommon trap: reason=unreached action=reinterpret pc=0x00000000038a3688 method=com.badlogic.gdx.physics.box2d.Fixture.getShape()Lcom/badlogic/gdx/physics/box2d/Shape; @ 4

Internal exceptions (10 events):
Event: 26.635 Thread 0x000000001ac66000 Implicit null exception at 0x000000000389acf0 to 0x000000000389ad45
Event: 27.576 Thread 0x000000001ac66000 Exception <a 'java/security/PrivilegedActionException'> (0x00000000d5c8b300) thrown at [D:\re\workspace\8-2-build-windows-amd64-cygwin\jdk8u25\1677\hotspot\src\share\vm\prims\jvm.cpp, line 1312]
Event: 27.577 Thread 0x000000001ac66000 Exception <a 'java/security/PrivilegedActionException'> (0x00000000d5c904f0) thrown at [D:\re\workspace\8-2-build-windows-amd64-cygwin\jdk8u25\1677\hotspot\src\share\vm\prims\jvm.cpp, line 1312]
Event: 27.577 Thread 0x000000001ac66000 Exception <a 'java/security/PrivilegedActionException'> (0x00000000d5c94140) thrown at [D:\re\workspace\8-2-build-windows-amd64-cygwin\jdk8u25\1677\hotspot\src\share\vm\prims\jvm.cpp, line 1312]
Event: 27.578 Thread 0x000000001ac66000 Exception <a 'java/security/PrivilegedActionException'> (0x00000000d5c9bd20) thrown at [D:\re\workspace\8-2-build-windows-amd64-cygwin\jdk8u25\1677\hotspot\src\share\vm\prims\jvm.cpp, line 1312]
Event: 27.580 Thread 0x000000001ac66000 Implicit null exception at 0x00000000038edabd to 0x00000000038edc9d
Event: 27.580 Thread 0x000000001ac66000 Implicit null exception at 0x00000000038fd02d to 0x00000000039027fd
Event: 27.580 Thread 0x000000001ac66000 Implicit null exception at 0x00000000038c0f60 to 0x00000000038c136d
Event: 27.580 Thread 0x000000001ac66000 Implicit null exception at 0x00000000038a24e6 to 0x00000000038a367d
Event: 30.779 Thread 0x000000001ac66000 Exception <a 'java/security/PrivilegedActionException'> (0x00000000d5cad708) thrown at [D:\re\workspace\8-2-build-windows-amd64-cygwin\jdk8u25\1677\hotspot\src\share\vm\prims\jvm.cpp, line 1312]

Events (10 events):
Event: 28.229 Thread 0x000000001ac66000 DEOPT PACKING pc=0x00000000038fa433 sp=0x000000001b7fefe0
Event: 28.229 Thread 0x000000001ac66000 DEOPT UNPACKING pc=0x00000000034475bf sp=0x000000001b7fec90 mode 0
Event: 28.581 Thread 0x000000001ac66000 DEOPT PACKING pc=0x00000000038fa433 sp=0x000000001b7fefe0
Event: 28.581 Thread 0x000000001ac66000 DEOPT UNPACKING pc=0x00000000034475bf sp=0x000000001b7fec90 mode 0
Event: 28.945 Thread 0x000000001ac66000 DEOPT PACKING pc=0x00000000038fa433 sp=0x000000001b7fefe0
Event: 28.945 Thread 0x000000001ac66000 DEOPT UNPACKING pc=0x00000000034475bf sp=0x000000001b7fec90 mode 0
Event: 29.295 Thread 0x000000001ac66000 DEOPT PACKING pc=0x00000000038fa433 sp=0x000000001b7fefe0
Event: 29.295 Thread 0x000000001ac66000 DEOPT UNPACKING pc=0x00000000034475bf sp=0x000000001b7fec90 mode 0
Event: 30.779 loading class com/denis/game/model/Fixtures/FireBall
Event: 30.779 loading class com/denis/game/model/Fixtures/FireBall done


Dynamic libraries:
0x00007ff745e60000 - 0x00007ff745e94000 	C:\Program Files\Java\jdk1.8.0_25\bin\java.exe
0x00007ff897760000 - 0x00007ff897922000 	C:\WINDOWS\SYSTEM32\ntdll.dll
0x00007ff895e90000 - 0x00007ff895f3d000 	C:\WINDOWS\system32\KERNEL32.DLL
0x00007ff894600000 - 0x00007ff8947dd000 	C:\WINDOWS\system32\KERNELBASE.dll
0x00007ff894e10000 - 0x00007ff894eb6000 	C:\WINDOWS\system32\ADVAPI32.dll
0x00007ff895d10000 - 0x00007ff895dad000 	C:\WINDOWS\system32\msvcrt.dll
0x00007ff895070000 - 0x00007ff8950cb000 	C:\WINDOWS\system32\sechost.dll
0x00007ff8950e0000 - 0x00007ff895206000 	C:\WINDOWS\system32\RPCRT4.dll
0x00007ff895990000 - 0x00007ff895ade000 	C:\WINDOWS\system32\USER32.dll
0x00007ff895380000 - 0x00007ff895506000 	C:\WINDOWS\system32\GDI32.dll
0x00007ff88b7b0000 - 0x00007ff88ba24000 	C:\WINDOWS\WinSxS\amd64_microsoft.windows.common-controls_6595b64144ccf1df_6.0.10240.16384_none_f41f7b285750ef43\COMCTL32.dll
0x00007ff895ae0000 - 0x00007ff895b16000 	C:\WINDOWS\system32\IMM32.DLL
0x00007ff895b20000 - 0x00007ff895c7c000 	C:\WINDOWS\system32\MSCTF.dll
0x0000000054ad0000 - 0x0000000054ba2000 	C:\Program Files\Java\jdk1.8.0_25\jre\bin\msvcr100.dll
0x0000000054270000 - 0x0000000054aca000 	C:\Program Files\Java\jdk1.8.0_25\jre\bin\server\jvm.dll
0x00007ff895c80000 - 0x00007ff895c88000 	C:\WINDOWS\system32\PSAPI.DLL
0x00007ff891c30000 - 0x00007ff891c53000 	C:\WINDOWS\SYSTEM32\WINMM.dll
0x00007ff889540000 - 0x00007ff889549000 	C:\WINDOWS\SYSTEM32\WSOCK32.dll
0x00007ff8958c0000 - 0x00007ff895929000 	C:\WINDOWS\system32\WS2_32.dll
0x00007ff895510000 - 0x00007ff895518000 	C:\WINDOWS\system32\NSI.dll
0x0000000000d70000 - 0x0000000000d9c000 	C:\WINDOWS\SYSTEM32\WINMMBASE.dll
0x00007ff894440000 - 0x00007ff894484000 	C:\WINDOWS\system32\cfgmgr32.dll
0x00007ff892bb0000 - 0x00007ff892bd7000 	C:\WINDOWS\SYSTEM32\DEVOBJ.dll
0x0000000054260000 - 0x000000005426f000 	C:\Program Files\Java\jdk1.8.0_25\jre\bin\verify.dll
0x0000000054230000 - 0x0000000054258000 	C:\Program Files\Java\jdk1.8.0_25\jre\bin\java.dll
0x0000000054210000 - 0x0000000054226000 	C:\Program Files\Java\jdk1.8.0_25\jre\bin\zip.dll
0x00007ff895f40000 - 0x00007ff897462000 	C:\WINDOWS\system32\SHELL32.dll
0x00007ff8947e0000 - 0x00007ff894e08000 	C:\WINDOWS\system32\windows.storage.dll
0x00007ff897470000 - 0x00007ff8976ec000 	C:\WINDOWS\system32\combase.dll
0x00007ff8955e0000 - 0x00007ff895631000 	C:\WINDOWS\system32\shlwapi.dll
0x00007ff8941b0000 - 0x00007ff8941bf000 	C:\WINDOWS\system32\kernel.appcore.dll
0x00007ff894540000 - 0x00007ff8945f3000 	C:\WINDOWS\system32\shcore.dll
0x00007ff8941c0000 - 0x00007ff89420a000 	C:\WINDOWS\system32\powrprof.dll
0x00007ff894170000 - 0x00007ff894183000 	C:\WINDOWS\system32\profapi.dll
0x00007ff88b3d0000 - 0x00007ff88b3df000 	C:\Program Files\Android\Android Studio1\bin\breakgen64.dll
0x00000000541f0000 - 0x000000005420a000 	C:\Program Files\Java\jdk1.8.0_25\jre\bin\net.dll
0x00007ff8939e0000 - 0x00007ff893a3d000 	C:\WINDOWS\system32\mswsock.dll
0x0000000065580000 - 0x0000000065616000 	C:\Users\DNS\AppData\Local\Temp\libgdxDNS\f78d4dc2\gdx64.dll
0x00007ff893a40000 - 0x00007ff893a57000 	C:\WINDOWS\SYSTEM32\CRYPTSP.dll
0x00007ff8940a0000 - 0x00007ff8940c8000 	C:\WINDOWS\SYSTEM32\bcrypt.dll
0x00007ff893690000 - 0x00007ff8936c3000 	C:\WINDOWS\system32\rsaenh.dll
0x00007ff893830000 - 0x00007ff89384f000 	C:\WINDOWS\SYSTEM32\USERENV.dll
0x00007ff893f90000 - 0x00007ff893ffb000 	C:\WINDOWS\system32\bcryptprimitives.dll
0x00007ff893bb0000 - 0x00007ff893bbb000 	C:\WINDOWS\SYSTEM32\CRYPTBASE.dll
0x00007ff892250000 - 0x00007ff892288000 	C:\WINDOWS\SYSTEM32\IPHLPAPI.DLL
0x00007ff892240000 - 0x00007ff89224b000 	C:\WINDOWS\SYSTEM32\WINNSI.DLL
0x00007ff88ea20000 - 0x00007ff88ea36000 	C:\WINDOWS\SYSTEM32\dhcpcsvc6.DLL
0x00007ff88ea00000 - 0x00007ff88ea1a000 	C:\WINDOWS\SYSTEM32\dhcpcsvc.DLL
0x00000000541d0000 - 0x00000000541e1000 	C:\Program Files\Java\jdk1.8.0_25\jre\bin\nio.dll
0x0000000180000000 - 0x0000000180053000 	C:\Users\DNS\AppData\Local\Temp\libgdxDNS\dc0f0009\lwjgl64.dll
0x00007ff88ff00000 - 0x00007ff88ff0a000 	C:\WINDOWS\SYSTEM32\VERSION.dll
0x00007ff873210000 - 0x00007ff873338000 	C:\WINDOWS\SYSTEM32\OPENGL32.dll
0x00007ff87eb90000 - 0x00007ff87ebbe000 	C:\WINDOWS\SYSTEM32\GLU32.dll
0x00007ff86f700000 - 0x00007ff86f7f6000 	C:\WINDOWS\SYSTEM32\DDRAW.dll
0x00007ff8808d0000 - 0x00007ff8808d8000 	C:\WINDOWS\SYSTEM32\DCIMAN32.dll
0x0000000001ef0000 - 0x0000000001f54000 	C:\Users\DNS\AppData\Local\Temp\libgdxDNS\dc0f0009\OpenAL64.dll
0x00007ff895230000 - 0x00007ff895371000 	C:\WINDOWS\system32\ole32.dll
0x00007ff892b10000 - 0x00007ff892ba6000 	C:\WINDOWS\system32\uxtheme.dll
0x00007ff895810000 - 0x00007ff8958b5000 	C:\WINDOWS\system32\clbcatq.dll
0x00007ff892060000 - 0x00007ff8921e3000 	C:\WINDOWS\System32\PROPSYS.dll
0x00007ff895520000 - 0x00007ff8955de000 	C:\WINDOWS\system32\OLEAUT32.dll
0x00007ff8763b0000 - 0x00007ff87644c000 	C:\WINDOWS\SYSTEM32\dsound.dll
0x00007ff88eed0000 - 0x00007ff88ef42000 	C:\WINDOWS\System32\MMDevApi.dll
0x00007ff88e260000 - 0x00007ff88e2e5000 	C:\WINDOWS\SYSTEM32\AUDIOSES.DLL
0x00007ff88f060000 - 0x00007ff88f191000 	C:\WINDOWS\SYSTEM32\wintypes.dll
0x00007ff891840000 - 0x00007ff891862000 	C:\WINDOWS\system32\dwmapi.dll
0x00000000523e0000 - 0x00000000541bc000 	C:\WINDOWS\SYSTEM32\nvoglv64.DLL
0x00007ff895640000 - 0x00007ff895805000 	C:\WINDOWS\system32\SETUPAPI.dll
0x00007ff87e900000 - 0x00007ff87ea8a000 	C:\WINDOWS\SYSTEM32\dbghelp.dll
0x00007ff8921f0000 - 0x00007ff892203000 	C:\WINDOWS\SYSTEM32\WTSAPI32.dll
0x00007ff8943e0000 - 0x00007ff894434000 	C:\WINDOWS\system32\WINTRUST.dll
0x00007ff894190000 - 0x00007ff8941a1000 	C:\WINDOWS\system32\MSASN1.dll
0x00007ff894210000 - 0x00007ff8943d1000 	C:\WINDOWS\system32\CRYPT32.dll
0x00007ff893510000 - 0x00007ff893542000 	C:\WINDOWS\SYSTEM32\ntmarta.dll
0x00007ff893310000 - 0x00007ff893368000 	C:\WINDOWS\SYSTEM32\WINSTA.dll
0x00007ff878ae0000 - 0x00007ff878b71000 	C:\WINDOWS\SYSTEM32\mscms.dll
0x00007ff878900000 - 0x00007ff878942000 	C:\WINDOWS\SYSTEM32\icm32.dll
0x0000000066bc0000 - 0x0000000066c7b000 	C:\Users\DNS\AppData\Local\Temp\libgdxDNS\26e814da\gdx-box2d64.dll

VM Arguments:
jvm_args: -Didea.launcher.port=7541 -Didea.launcher.bin.path=C:\Program Files\Android\Android Studio1\bin -Dfile.encoding=UTF-8 
java_command: com.intellij.rt.execution.application.AppMain com.denis.game.desktop.DesktopLauncher
java_class_path (initial): C:\Program Files\Java\jdk1.8.0_25\jre\lib\charsets.jar;C:\Program Files\Java\jdk1.8.0_25\jre\lib\deploy.jar;C:\Program Files\Java\jdk1.8.0_25\jre\lib\javaws.jar;C:\Program Files\Java\jdk1.8.0_25\jre\lib\jce.jar;C:\Program Files\Java\jdk1.8.0_25\jre\lib\jfr.jar;C:\Program Files\Java\jdk1.8.0_25\jre\lib\jfxswt.jar;C:\Program Files\Java\jdk1.8.0_25\jre\lib\jsse.jar;C:\Program Files\Java\jdk1.8.0_25\jre\lib\management-agent.jar;C:\Program Files\Java\jdk1.8.0_25\jre\lib\plugin.jar;C:\Program Files\Java\jdk1.8.0_25\jre\lib\resources.jar;C:\Program Files\Java\jdk1.8.0_25\jre\lib\rt.jar;C:\Program Files\Java\jdk1.8.0_25\jre\lib\ext\access-bridge-64.jar;C:\Program Files\Java\jdk1.8.0_25\jre\lib\ext\cldrdata.jar;C:\Program Files\Java\jdk1.8.0_25\jre\lib\ext\dnsns.jar;C:\Program Files\Java\jdk1.8.0_25\jre\lib\ext\jaccess.jar;C:\Program Files\Java\jdk1.8.0_25\jre\lib\ext\jfxrt.jar;C:\Program Files\Java\jdk1.8.0_25\jre\lib\ext\localedata.jar;C:\Program Files\Java\jdk1.8.0_25\jre\lib\ext\nashorn.jar;C:\Program Files\Java\jdk1.8.0_25\jre\lib\ext\sunec.jar;C:\Program Files\Java\jdk1.8.0_25\jre\lib\ext\sunjce_provider.jar;C:\Program Files\Java\jdk1.8.0_25\jre\lib\ext\sunmscapi.jar;C:\Program Files\Java\jdk1.8.0_25\jre\lib\ext\sunpkcs11.jar;C:\Program Files\Java\jdk1.8.0_25\jre\lib\ext\zipfs.jar;C:\Users\DNS\Desktop\GitProjects\Square-Story\desktop\build\classes\main;C:\Users\DNS\Desktop\GitProjects\Square-Story\core\build\classes\main;C:\Users\DNS\.gradle\caches\modules-2\files-2.1\com.badlogicgames.gdx\gdx\1.9.1\41e844a4849872fdb9c33f3f2790e356f907f491\gdx-1.9.1.jar;C:\Users\DNS\.gradle\caches\modules-2\files-2.1\com.badlogicgames.gdx\gdx-box2d\1.9.1\efc80b7e8a239404fdcb9816c9d3bad168e148c2\gdx-box2d-1.9.1.jar;C:\Users\DNS\.gradle\caches\modules-2\files-2.1\com.badlogicgames.gdx\gdx-controllers\1.9.1\37ec89fd7b1ef2deed3444ca94666f188e5b173d\gdx-controllers-1.9.1.jar;C:\Users\DNS\.gradle\caches\modules-2\files-2.1\com.badlogicgames.gdx\gdx-freetype\1.9.1
Launcher Type: SUN_STANDARD

Environment Variables:
PATH=C:\ProgramData\Oracle\Java\javapath;C:\Program Files (x86)\Common Files\Intel\Shared Libraries\redist\intel64\compiler;C:\Program Files (x86)\ActiveState Komodo Edit 8\;C:\Program Files (x86)\Intel\iCLS Client\;C:\Program Files\Intel\iCLS Client\;C:\Program Files\Common Files\Microsoft Shared\Windows Live;C:\Program Files (x86)\Common Files\Microsoft Shared\Windows Live;C:\WINDOWS\system32;C:\WINDOWS;C:\WINDOWS\System32\Wbem;C:\WINDOWS\System32\WindowsPowerShell\v1.0\;C:\Program Files (x86)\Windows Live\Shared;C:\Program Files\Intel\Intel(R) Management Engine Components\DAL;C:\Program Files\Intel\Intel(R) Management Engine Components\IPT;C:\Program Files (x86)\Intel\Intel(R) Management Engine Components\DAL;C:\Program Files (x86)\Intel\Intel(R) Management Engine Components\IPT;C:\Program Files (x86)\IVI Foundation\VISA\WinNT\Bin;C:\FPC\2.6.0\bin\i386-Win32;C:\FPC\2.6.2\bin\i386-Win32;C:\Program Files\nodejs\;C:\Program Files\Microsoft SQL Server\110\Tools\Binn\;C:\FPC\2.6.4\bin\i386-Win32;C:\Program Files (x86)\QuickTime\QTSystem\;C:\FPC\2.6.0\bin\i386-win32;C:\Program Files\Microsoft\Web Platform Installer\;C:\Program Files\IBM\SPSS\Statistics\22\JRE\bin;C:\Program Files (x86)\Brackets\command;C:\Program Files (x86)\NVIDIA Corporation\PhysX\Common;C:\Program Files (x86)\GtkSharp\2.12\bin;C:\Program Files\Git\cmd;C:\Program Files (x86)\Skype\Phone\;C:\Python34
USERNAME=DNS
OS=Windows_NT
PROCESSOR_IDENTIFIER=Intel64 Family 6 Model 58 Stepping 9, GenuineIntel



---------------  S Y S T E M  ---------------

OS: Windows 8.1 , 64 bit Build 9600 

CPU:total 8 (4 cores per cpu, 2 threads per core) family 6 model 58 stepping 9, cmov, cx8, fxsr, mmx, sse, sse2, sse3, ssse3, sse4.1, sse4.2, popcnt, avx, aes, clmul, erms, ht, tsc, tscinvbit, tscinv

Memory: 4k page, physical 8350004k(1740684k free), swap 16738612k(5675004k free)

vm_info: Java HotSpot(TM) 64-Bit Server VM (25.25-b02) for windows-amd64 JRE (1.8.0_25-b18), built on Oct  7 2014 14:25:37 by "java_re" with MS VC++ 10.0 (VS2010)

time: Sat May 14 20:23:57 2016
elapsed time: 38 seconds (0d 0h 0m 38s)

